This is pdfTeX, Version 3.141592653-2.6-1.40.22 (TeX Live 2022/dev/Debian) (preloaded format=pdflatex 2024.11.8)  6 MAR 2025 09:25
entering extended mode
 restricted \write18 enabled.
 file:line:error style messages enabled.
 %&-line parsing enabled.
**"/home/jramirez/repo/Materias/Curso Latex/curso"
(/home/jramirez/repo/Materias/Curso Latex/curso.tex
LaTeX2e <2021-11-15> patch level 1
L3 programming layer <2022-01-21> (/usr/share/texlive/texmf-dist/tex/latex/beamer/beamer.cls
Document Class: beamer 2022/01/21 v3.65 A class for typesetting presentations
(/usr/share/texlive/texmf-dist/tex/latex/beamer/beamerbasemodes.sty (/usr/share/texlive/texmf-dist/tex/latex/etoolbox/etoolbox.sty
Package: etoolbox 2020/10/05 v2.5k e-TeX tools for LaTeX (JAW)
\etb@tempcnta=\count185
)
\beamer@tempbox=\box50
\beamer@tempcount=\count186
\c@beamerpauses=\count187
 (/usr/share/texlive/texmf-dist/tex/latex/beamer/beamerbasedecode.sty
\beamer@slideinframe=\count188
\beamer@minimum=\count189
\beamer@decode@box=\box51
)
\beamer@commentbox=\box52
\beamer@modecount=\count190
) (/usr/share/texlive/texmf-dist/tex/generic/iftex/ifpdf.sty
Package: ifpdf 2019/10/25 v3.4 ifpdf legacy package. Use iftex instead.
 (/usr/share/texlive/texmf-dist/tex/generic/iftex/iftex.sty
Package: iftex 2020/03/06 v1.0d TeX engine tests
))
\headdp=\dimen138
\footheight=\dimen139
\sidebarheight=\dimen140
\beamer@tempdim=\dimen141
\beamer@finalheight=\dimen142
\beamer@animht=\dimen143
\beamer@animdp=\dimen144
\beamer@animwd=\dimen145
\beamer@leftmargin=\dimen146
\beamer@rightmargin=\dimen147
\beamer@leftsidebar=\dimen148
\beamer@rightsidebar=\dimen149
\beamer@boxsize=\dimen150
\beamer@vboxoffset=\dimen151
\beamer@descdefault=\dimen152
\beamer@descriptionwidth=\dimen153
\beamer@lastskip=\skip47
\beamer@areabox=\box53
\beamer@animcurrent=\box54
\beamer@animshowbox=\box55
\beamer@sectionbox=\box56
\beamer@logobox=\box57
\beamer@linebox=\box58
\beamer@sectioncount=\count191
\beamer@subsubsectionmax=\count192
\beamer@subsectionmax=\count193
\beamer@sectionmax=\count194
\beamer@totalheads=\count195
\beamer@headcounter=\count196
\beamer@partstartpage=\count197
\beamer@sectionstartpage=\count198
\beamer@subsectionstartpage=\count199
\beamer@animationtempa=\count266
\beamer@animationtempb=\count267
\beamer@xpos=\count268
\beamer@ypos=\count269
\beamer@ypos@offset=\count270
\beamer@showpartnumber=\count271
\beamer@currentsubsection=\count272
\beamer@coveringdepth=\count273
\beamer@sectionadjust=\count274
\beamer@toclastsection=\count275
\beamer@tocsectionnumber=\count276
 (/usr/share/texlive/texmf-dist/tex/latex/beamer/beamerbaseoptions.sty (/usr/share/texlive/texmf-dist/tex/latex/graphics/keyval.sty
Package: keyval 2014/10/28 v1.15 key=value parser (DPC)
\KV@toks@=\toks16
))
\beamer@paperwidth=\skip48
\beamer@paperheight=\skip49
 (/usr/share/texlive/texmf-dist/tex/latex/geometry/geometry.sty
Package: geometry 2020/01/02 v5.9 Page Geometry
 (/usr/share/texlive/texmf-dist/tex/generic/iftex/ifvtex.sty
Package: ifvtex 2019/10/25 v1.7 ifvtex legacy package. Use iftex instead.
)
\Gm@cnth=\count277
\Gm@cntv=\count278
\c@Gm@tempcnt=\count279
\Gm@bindingoffset=\dimen154
\Gm@wd@mp=\dimen155
\Gm@odd@mp=\dimen156
\Gm@even@mp=\dimen157
\Gm@layoutwidth=\dimen158
\Gm@layoutheight=\dimen159
\Gm@layouthoffset=\dimen160
\Gm@layoutvoffset=\dimen161
\Gm@dimlist=\toks17
) (/usr/share/texlive/texmf-dist/tex/latex/pgf/basiclayer/pgfcore.sty (/usr/share/texlive/texmf-dist/tex/latex/graphics/graphicx.sty
Package: graphicx 2021/09/16 v1.2d Enhanced LaTeX Graphics (DPC,SPQR)
 (/usr/share/texlive/texmf-dist/tex/latex/graphics/graphics.sty
Package: graphics 2021/03/04 v1.4d Standard LaTeX Graphics (DPC,SPQR)
 (/usr/share/texlive/texmf-dist/tex/latex/graphics/trig.sty
Package: trig 2021/08/11 v1.11 sin cos tan (DPC)
) (/usr/share/texlive/texmf-dist/tex/latex/graphics-cfg/graphics.cfg
File: graphics.cfg 2016/06/04 v1.11 sample graphics configuration
)
Package graphics Info: Driver file: pdftex.def on input line 107.
 (/usr/share/texlive/texmf-dist/tex/latex/graphics-def/pdftex.def
File: pdftex.def 2020/10/05 v1.2a Graphics/color driver for pdftex
))
\Gin@req@height=\dimen162
\Gin@req@width=\dimen163
) (/usr/share/texlive/texmf-dist/tex/latex/pgf/systemlayer/pgfsys.sty (/usr/share/texlive/texmf-dist/tex/latex/pgf/utilities/pgfrcs.sty (/usr/share/texlive/texmf-dist/tex/generic/pgf/utilities/pgfutil-common.tex
\pgfutil@everybye=\toks18
\pgfutil@tempdima=\dimen164
\pgfutil@tempdimb=\dimen165
 (/usr/share/texlive/texmf-dist/tex/generic/pgf/utilities/pgfutil-common-lists.tex)) (/usr/share/texlive/texmf-dist/tex/generic/pgf/utilities/pgfutil-latex.def
\pgfutil@abb=\box59
) (/usr/share/texlive/texmf-dist/tex/generic/pgf/utilities/pgfrcs.code.tex (/usr/share/texlive/texmf-dist/tex/generic/pgf/pgf.revision.tex)
Package: pgfrcs 2021/05/15 v3.1.9a (3.1.9a)
)) (/usr/share/texlive/texmf-dist/tex/generic/pgf/systemlayer/pgfsys.code.tex
Package: pgfsys 2021/05/15 v3.1.9a (3.1.9a)
 (/usr/share/texlive/texmf-dist/tex/generic/pgf/utilities/pgfkeys.code.tex
\pgfkeys@pathtoks=\toks19
\pgfkeys@temptoks=\toks20
 (/usr/share/texlive/texmf-dist/tex/generic/pgf/utilities/pgfkeysfiltered.code.tex
\pgfkeys@tmptoks=\toks21
))
\pgf@x=\dimen166
\pgf@y=\dimen167
\pgf@xa=\dimen168
\pgf@ya=\dimen169
\pgf@xb=\dimen170
\pgf@yb=\dimen171
\pgf@xc=\dimen172
\pgf@yc=\dimen173
\pgf@xd=\dimen174
\pgf@yd=\dimen175
\w@pgf@writea=\write3
\r@pgf@reada=\read2
\c@pgf@counta=\count280
\c@pgf@countb=\count281
\c@pgf@countc=\count282
\c@pgf@countd=\count283
\t@pgf@toka=\toks22
\t@pgf@tokb=\toks23
\t@pgf@tokc=\toks24
\pgf@sys@id@count=\count284
 (/usr/share/texlive/texmf-dist/tex/generic/pgf/systemlayer/pgf.cfg
File: pgf.cfg 2021/05/15 v3.1.9a (3.1.9a)
)
Driver file for pgf: pgfsys-pdftex.def
 (/usr/share/texlive/texmf-dist/tex/generic/pgf/systemlayer/pgfsys-pdftex.def
File: pgfsys-pdftex.def 2021/05/15 v3.1.9a (3.1.9a)
 (/usr/share/texlive/texmf-dist/tex/generic/pgf/systemlayer/pgfsys-common-pdf.def
File: pgfsys-common-pdf.def 2021/05/15 v3.1.9a (3.1.9a)
))) (/usr/share/texlive/texmf-dist/tex/generic/pgf/systemlayer/pgfsyssoftpath.code.tex
File: pgfsyssoftpath.code.tex 2021/05/15 v3.1.9a (3.1.9a)
\pgfsyssoftpath@smallbuffer@items=\count285
\pgfsyssoftpath@bigbuffer@items=\count286
) (/usr/share/texlive/texmf-dist/tex/generic/pgf/systemlayer/pgfsysprotocol.code.tex
File: pgfsysprotocol.code.tex 2021/05/15 v3.1.9a (3.1.9a)
)) (/usr/share/texlive/texmf-dist/tex/latex/xcolor/xcolor.sty
Package: xcolor 2021/10/31 v2.13 LaTeX color extensions (UK)
 (/usr/share/texlive/texmf-dist/tex/latex/graphics-cfg/color.cfg
File: color.cfg 2016/01/02 v1.6 sample color configuration
)
Package xcolor Info: Driver file: pdftex.def on input line 227.
Package xcolor Info: Model `cmy' substituted by `cmy0' on input line 1352.
Package xcolor Info: Model `hsb' substituted by `rgb' on input line 1356.
Package xcolor Info: Model `RGB' extended on input line 1368.
Package xcolor Info: Model `HTML' substituted by `rgb' on input line 1370.
Package xcolor Info: Model `Hsb' substituted by `hsb' on input line 1371.
Package xcolor Info: Model `tHsb' substituted by `hsb' on input line 1372.
Package xcolor Info: Model `HSB' substituted by `hsb' on input line 1373.
Package xcolor Info: Model `Gray' substituted by `gray' on input line 1374.
Package xcolor Info: Model `wave' substituted by `hsb' on input line 1375.
) (/usr/share/texlive/texmf-dist/tex/generic/pgf/basiclayer/pgfcore.code.tex
Package: pgfcore 2021/05/15 v3.1.9a (3.1.9a)
 (/usr/share/texlive/texmf-dist/tex/generic/pgf/math/pgfmath.code.tex (/usr/share/texlive/texmf-dist/tex/generic/pgf/math/pgfmathcalc.code.tex (/usr/share/texlive/texmf-dist/tex/generic/pgf/math/pgfmathutil.code.tex) (/usr/share/texlive/texmf-dist/tex/generic/pgf/math/pgfmathparser.code.tex
\pgfmath@dimen=\dimen176
\pgfmath@count=\count287
\pgfmath@box=\box60
\pgfmath@toks=\toks25
\pgfmath@stack@operand=\toks26
\pgfmath@stack@operation=\toks27
) (/usr/share/texlive/texmf-dist/tex/generic/pgf/math/pgfmathfunctions.code.tex (/usr/share/texlive/texmf-dist/tex/generic/pgf/math/pgfmathfunctions.basic.code.tex) (/usr/share/texlive/texmf-dist/tex/generic/pgf/math/pgfmathfunctions.trigonometric.code.tex) (/usr/share/texlive/texmf-dist/tex/generic/pgf/math/pgfmathfunctions.random.code.tex) (/usr/share/texlive/texmf-dist/tex/generic/pgf/math/pgfmathfunctions.comparison.code.tex) (/usr/share/texlive/texmf-dist/tex/generic/pgf/math/pgfmathfunctions.base.code.tex) (/usr/share/texlive/texmf-dist/tex/generic/pgf/math/pgfmathfunctions.round.code.tex) (/usr/share/texlive/texmf-dist/tex/generic/pgf/math/pgfmathfunctions.misc.code.tex) (/usr/share/texlive/texmf-dist/tex/generic/pgf/math/pgfmathfunctions.integerarithmetics.code.tex))) (/usr/share/texlive/texmf-dist/tex/generic/pgf/math/pgfmathfloat.code.tex
\c@pgfmathroundto@lastzeros=\count288
)) (/usr/share/texlive/texmf-dist/tex/generic/pgf/math/pgfint.code.tex) (/usr/share/texlive/texmf-dist/tex/generic/pgf/basiclayer/pgfcorepoints.code.tex
File: pgfcorepoints.code.tex 2021/05/15 v3.1.9a (3.1.9a)
\pgf@picminx=\dimen177
\pgf@picmaxx=\dimen178
\pgf@picminy=\dimen179
\pgf@picmaxy=\dimen180
\pgf@pathminx=\dimen181
\pgf@pathmaxx=\dimen182
\pgf@pathminy=\dimen183
\pgf@pathmaxy=\dimen184
\pgf@xx=\dimen185
\pgf@xy=\dimen186
\pgf@yx=\dimen187
\pgf@yy=\dimen188
\pgf@zx=\dimen189
\pgf@zy=\dimen190
) (/usr/share/texlive/texmf-dist/tex/generic/pgf/basiclayer/pgfcorepathconstruct.code.tex
File: pgfcorepathconstruct.code.tex 2021/05/15 v3.1.9a (3.1.9a)
\pgf@path@lastx=\dimen191
\pgf@path@lasty=\dimen192
) (/usr/share/texlive/texmf-dist/tex/generic/pgf/basiclayer/pgfcorepathusage.code.tex
File: pgfcorepathusage.code.tex 2021/05/15 v3.1.9a (3.1.9a)
\pgf@shorten@end@additional=\dimen193
\pgf@shorten@start@additional=\dimen194
) (/usr/share/texlive/texmf-dist/tex/generic/pgf/basiclayer/pgfcorescopes.code.tex
File: pgfcorescopes.code.tex 2021/05/15 v3.1.9a (3.1.9a)
\pgfpic=\box61
\pgf@hbox=\box62
\pgf@layerbox@main=\box63
\pgf@picture@serial@count=\count289
) (/usr/share/texlive/texmf-dist/tex/generic/pgf/basiclayer/pgfcoregraphicstate.code.tex
File: pgfcoregraphicstate.code.tex 2021/05/15 v3.1.9a (3.1.9a)
\pgflinewidth=\dimen195
) (/usr/share/texlive/texmf-dist/tex/generic/pgf/basiclayer/pgfcoretransformations.code.tex
File: pgfcoretransformations.code.tex 2021/05/15 v3.1.9a (3.1.9a)
\pgf@pt@x=\dimen196
\pgf@pt@y=\dimen197
\pgf@pt@temp=\dimen198
) (/usr/share/texlive/texmf-dist/tex/generic/pgf/basiclayer/pgfcorequick.code.tex
File: pgfcorequick.code.tex 2021/05/15 v3.1.9a (3.1.9a)
) (/usr/share/texlive/texmf-dist/tex/generic/pgf/basiclayer/pgfcoreobjects.code.tex
File: pgfcoreobjects.code.tex 2021/05/15 v3.1.9a (3.1.9a)
) (/usr/share/texlive/texmf-dist/tex/generic/pgf/basiclayer/pgfcorepathprocessing.code.tex
File: pgfcorepathprocessing.code.tex 2021/05/15 v3.1.9a (3.1.9a)
) (/usr/share/texlive/texmf-dist/tex/generic/pgf/basiclayer/pgfcorearrows.code.tex
File: pgfcorearrows.code.tex 2021/05/15 v3.1.9a (3.1.9a)
\pgfarrowsep=\dimen199
) (/usr/share/texlive/texmf-dist/tex/generic/pgf/basiclayer/pgfcoreshade.code.tex
File: pgfcoreshade.code.tex 2021/05/15 v3.1.9a (3.1.9a)
\pgf@max=\dimen256
\pgf@sys@shading@range@num=\count290
\pgf@shadingcount=\count291
) (/usr/share/texlive/texmf-dist/tex/generic/pgf/basiclayer/pgfcoreimage.code.tex
File: pgfcoreimage.code.tex 2021/05/15 v3.1.9a (3.1.9a)
 (/usr/share/texlive/texmf-dist/tex/generic/pgf/basiclayer/pgfcoreexternal.code.tex
File: pgfcoreexternal.code.tex 2021/05/15 v3.1.9a (3.1.9a)
\pgfexternal@startupbox=\box64
)) (/usr/share/texlive/texmf-dist/tex/generic/pgf/basiclayer/pgfcorelayers.code.tex
File: pgfcorelayers.code.tex 2021/05/15 v3.1.9a (3.1.9a)
) (/usr/share/texlive/texmf-dist/tex/generic/pgf/basiclayer/pgfcoretransparency.code.tex
File: pgfcoretransparency.code.tex 2021/05/15 v3.1.9a (3.1.9a)
) (/usr/share/texlive/texmf-dist/tex/generic/pgf/basiclayer/pgfcorepatterns.code.tex
File: pgfcorepatterns.code.tex 2021/05/15 v3.1.9a (3.1.9a)
) (/usr/share/texlive/texmf-dist/tex/generic/pgf/basiclayer/pgfcorerdf.code.tex
File: pgfcorerdf.code.tex 2021/05/15 v3.1.9a (3.1.9a)
))) (/usr/share/texlive/texmf-dist/tex/latex/base/size12.clo
File: size12.clo 2021/10/04 v1.4n Standard LaTeX file (size option)
) (/usr/share/texlive/texmf-dist/tex/latex/pgf/utilities/xxcolor.sty
Package: xxcolor 2003/10/24 ver 0.1
\XC@nummixins=\count292
\XC@countmixins=\count293
) (/usr/share/texlive/texmf-dist/tex/latex/base/atbegshi-ltx.sty
Package: atbegshi-ltx 2021/01/10 v1.0c Emulation of the original atbegshi
package with kernel methods
) (/usr/share/texlive/texmf-dist/tex/latex/hyperref/hyperref.sty
Package: hyperref 2021-06-07 v7.00m Hypertext links for LaTeX
 (/usr/share/texlive/texmf-dist/tex/generic/ltxcmds/ltxcmds.sty
Package: ltxcmds 2020-05-10 v1.25 LaTeX kernel commands for general use (HO)
) (/usr/share/texlive/texmf-dist/tex/generic/pdftexcmds/pdftexcmds.sty
Package: pdftexcmds 2020-06-27 v0.33 Utility functions of pdfTeX for LuaTeX (HO)
 (/usr/share/texlive/texmf-dist/tex/generic/infwarerr/infwarerr.sty
Package: infwarerr 2019/12/03 v1.5 Providing info/warning/error messages (HO)
)
Package pdftexcmds Info: \pdf@primitive is available.
Package pdftexcmds Info: \pdf@ifprimitive is available.
Package pdftexcmds Info: \pdfdraftmode found.
) (/usr/share/texlive/texmf-dist/tex/generic/kvsetkeys/kvsetkeys.sty
Package: kvsetkeys 2019/12/15 v1.18 Key value parser (HO)
) (/usr/share/texlive/texmf-dist/tex/generic/kvdefinekeys/kvdefinekeys.sty
Package: kvdefinekeys 2019-12-19 v1.6 Define keys (HO)
) (/usr/share/texlive/texmf-dist/tex/generic/pdfescape/pdfescape.sty
Package: pdfescape 2019/12/09 v1.15 Implements pdfTeX's escape features (HO)
) (/usr/share/texlive/texmf-dist/tex/latex/hycolor/hycolor.sty
Package: hycolor 2020-01-27 v1.10 Color options for hyperref/bookmark (HO)
) (/usr/share/texlive/texmf-dist/tex/latex/letltxmacro/letltxmacro.sty
Package: letltxmacro 2019/12/03 v1.6 Let assignment for LaTeX macros (HO)
) (/usr/share/texlive/texmf-dist/tex/latex/auxhook/auxhook.sty
Package: auxhook 2019-12-17 v1.6 Hooks for auxiliary files (HO)
) (/usr/share/texlive/texmf-dist/tex/latex/kvoptions/kvoptions.sty
Package: kvoptions 2020-10-07 v3.14 Key value format for package options (HO)
)
\@linkdim=\dimen257
\Hy@linkcounter=\count294
\Hy@pagecounter=\count295
 (/usr/share/texlive/texmf-dist/tex/latex/hyperref/pd1enc.def
File: pd1enc.def 2021-06-07 v7.00m Hyperref: PDFDocEncoding definition (HO)
Now handling font encoding PD1 ...
... no UTF-8 mapping file for font encoding PD1
) (/usr/share/texlive/texmf-dist/tex/latex/hyperref/hyperref-langpatches.def
File: hyperref-langpatches.def 2021-06-07 v7.00m Hyperref: patches for babel languages
) (/usr/share/texlive/texmf-dist/tex/generic/intcalc/intcalc.sty
Package: intcalc 2019/12/15 v1.3 Expandable calculations with integers (HO)
) (/usr/share/texlive/texmf-dist/tex/generic/etexcmds/etexcmds.sty
Package: etexcmds 2019/12/15 v1.7 Avoid name clashes with e-TeX commands (HO)
)
\Hy@SavedSpaceFactor=\count296
 (/usr/share/texlive/texmf-dist/tex/latex/hyperref/puenc.def
File: puenc.def 2021-06-07 v7.00m Hyperref: PDF Unicode definition (HO)
Now handling font encoding PU ...
... no UTF-8 mapping file for font encoding PU
)
Package hyperref Info: Option `bookmarks' set `true' on input line 4073.
Package hyperref Info: Option `bookmarksopen' set `true' on input line 4073.
Package hyperref Info: Option `implicit' set `false' on input line 4073.
Package hyperref Info: Hyper figures OFF on input line 4192.
Package hyperref Info: Link nesting OFF on input line 4197.
Package hyperref Info: Hyper index ON on input line 4200.
Package hyperref Info: Plain pages OFF on input line 4207.
Package hyperref Info: Backreferencing OFF on input line 4212.
Package hyperref Info: Implicit mode OFF; no redefinition of LaTeX internals.
Package hyperref Info: Bookmarks ON on input line 4445.
\c@Hy@tempcnt=\count297
 (/usr/share/texlive/texmf-dist/tex/latex/url/url.sty
\Urlmuskip=\muskip16
Package: url 2013/09/16  ver 3.4  Verb mode for urls, etc.
)
LaTeX Info: Redefining \url on input line 4804.
\XeTeXLinkMargin=\dimen258
 (/usr/share/texlive/texmf-dist/tex/generic/bitset/bitset.sty
Package: bitset 2019/12/09 v1.3 Handle bit-vector datatype (HO)
 (/usr/share/texlive/texmf-dist/tex/generic/bigintcalc/bigintcalc.sty
Package: bigintcalc 2019/12/15 v1.5 Expandable calculations on big integers (HO)
))
\Fld@menulength=\count298
\Field@Width=\dimen259
\Fld@charsize=\dimen260
Package hyperref Info: Hyper figures OFF on input line 6076.
Package hyperref Info: Link nesting OFF on input line 6081.
Package hyperref Info: Hyper index ON on input line 6084.
Package hyperref Info: backreferencing OFF on input line 6091.
Package hyperref Info: Link coloring OFF on input line 6096.
Package hyperref Info: Link coloring with OCG OFF on input line 6101.
Package hyperref Info: PDF/A mode OFF on input line 6106.
LaTeX Info: Redefining \ref on input line 6146.
LaTeX Info: Redefining \pageref on input line 6150.
\Hy@abspage=\count299


Package hyperref Message: Stopped early.

)
Package hyperref Info: Driver (autodetected): hpdftex.
 (/usr/share/texlive/texmf-dist/tex/latex/hyperref/hpdftex.def
File: hpdftex.def 2021-06-07 v7.00m Hyperref driver for pdfTeX
 (/usr/share/texlive/texmf-dist/tex/latex/base/atveryend-ltx.sty
Package: atveryend-ltx 2020/08/19 v1.0a Emulation of the original atveryend package
with kernel methods
)
\Fld@listcount=\count300
\c@bookmark@seq@number=\count301
 (/usr/share/texlive/texmf-dist/tex/latex/rerunfilecheck/rerunfilecheck.sty
Package: rerunfilecheck 2019/12/05 v1.9 Rerun checks for auxiliary files (HO)
 (/usr/share/texlive/texmf-dist/tex/generic/uniquecounter/uniquecounter.sty
Package: uniquecounter 2019/12/15 v1.4 Provide unlimited unique counter (HO)
)
Package uniquecounter Info: New unique counter `rerunfilecheck' on input line 286.
)) (/usr/share/texlive/texmf-dist/tex/latex/beamer/beamerbaserequires.sty (/usr/share/texlive/texmf-dist/tex/latex/beamer/beamerbasecompatibility.sty) (/usr/share/texlive/texmf-dist/tex/latex/beamer/beamerbasefont.sty (/usr/share/texlive/texmf-dist/tex/latex/amsfonts/amssymb.sty
Package: amssymb 2013/01/14 v3.01 AMS font symbols
 (/usr/share/texlive/texmf-dist/tex/latex/amsfonts/amsfonts.sty
Package: amsfonts 2013/01/14 v3.01 Basic AMSFonts support
\@emptytoks=\toks28
\symAMSa=\mathgroup4
\symAMSb=\mathgroup5
LaTeX Font Info:    Redeclaring math symbol \hbar on input line 98.
LaTeX Font Info:    Overwriting math alphabet `\mathfrak' in version `bold'
(Font)                  U/euf/m/n --> U/euf/b/n on input line 106.
)) (/usr/share/texlive/texmf-dist/tex/latex/sansmathaccent/sansmathaccent.sty
Package: sansmathaccent 2020/01/31
 (/usr/share/texlive/texmf-dist/tex/latex/koma-script/scrlfile.sty
Package: scrlfile 2021/11/13 v3.35 KOMA-Script package (file load hooks)
 (/usr/share/texlive/texmf-dist/tex/latex/koma-script/scrlfile-hook.sty
Package: scrlfile-hook 2021/11/13 v3.35 KOMA-Script package (using LaTeX hooks)
 (/usr/share/texlive/texmf-dist/tex/latex/koma-script/scrlogo.sty
Package: scrlogo 2021/11/13 v3.35 KOMA-Script package (logo)
))))) (/usr/share/texlive/texmf-dist/tex/latex/beamer/beamerbasetranslator.sty (/usr/share/texlive/texmf-dist/tex/latex/translator/translator.sty
Package: translator 2021-05-31 v1.12d Easy translation of strings in LaTeX
)) (/usr/share/texlive/texmf-dist/tex/latex/beamer/beamerbasemisc.sty) (/usr/share/texlive/texmf-dist/tex/latex/beamer/beamerbasetwoscreens.sty) (/usr/share/texlive/texmf-dist/tex/latex/beamer/beamerbaseoverlay.sty
\beamer@argscount=\count302
\beamer@lastskipcover=\skip50
\beamer@trivlistdepth=\count303
) (/usr/share/texlive/texmf-dist/tex/latex/beamer/beamerbasetitle.sty) (/usr/share/texlive/texmf-dist/tex/latex/beamer/beamerbasesection.sty
\c@lecture=\count304
\c@part=\count305
\c@section=\count306
\c@subsection=\count307
\c@subsubsection=\count308
) (/usr/share/texlive/texmf-dist/tex/latex/beamer/beamerbaseframe.sty
\beamer@framebox=\box65
\beamer@frametitlebox=\box66
\beamer@zoombox=\box67
\beamer@zoomcount=\count309
\beamer@zoomframecount=\count310
\beamer@frametextheight=\dimen261
\c@subsectionslide=\count311
\beamer@frametopskip=\skip51
\beamer@framebottomskip=\skip52
\beamer@frametopskipautobreak=\skip53
\beamer@framebottomskipautobreak=\skip54
\beamer@envbody=\toks29
\framewidth=\dimen262
\c@framenumber=\count312
) (/usr/share/texlive/texmf-dist/tex/latex/beamer/beamerbaseverbatim.sty
\beamer@verbatimfileout=\write4
) (/usr/share/texlive/texmf-dist/tex/latex/beamer/beamerbaseframesize.sty
\beamer@splitbox=\box68
\beamer@autobreakcount=\count313
\beamer@autobreaklastheight=\dimen263
\beamer@frametitletoks=\toks30
\beamer@framesubtitletoks=\toks31
) (/usr/share/texlive/texmf-dist/tex/latex/beamer/beamerbaseframecomponents.sty
\beamer@footins=\box69
) (/usr/share/texlive/texmf-dist/tex/latex/beamer/beamerbasecolor.sty) (/usr/share/texlive/texmf-dist/tex/latex/beamer/beamerbasenotes.sty
\beamer@frameboxcopy=\box70
) (/usr/share/texlive/texmf-dist/tex/latex/beamer/beamerbasetoc.sty) (/usr/share/texlive/texmf-dist/tex/latex/beamer/beamerbasetemplates.sty
\beamer@sbttoks=\toks32
 (/usr/share/texlive/texmf-dist/tex/latex/beamer/beamerbaseauxtemplates.sty (/usr/share/texlive/texmf-dist/tex/latex/beamer/beamerbaseboxes.sty
\bmb@box=\box71
\bmb@colorbox=\box72
\bmb@boxwidth=\dimen264
\bmb@boxheight=\dimen265
\bmb@prevheight=\dimen266
\bmb@temp=\dimen267
\bmb@dima=\dimen268
\bmb@dimb=\dimen269
\bmb@prevheight=\dimen270
)
\beamer@blockheadheight=\dimen271
)) (/usr/share/texlive/texmf-dist/tex/latex/beamer/beamerbaselocalstructure.sty (/usr/share/texlive/texmf-dist/tex/latex/tools/enumerate.sty
Package: enumerate 2015/07/23 v3.00 enumerate extensions (DPC)
\@enLab=\toks33
)
\beamer@bibiconwidth=\skip55
\c@figure=\count314
\c@table=\count315
\abovecaptionskip=\skip56
\belowcaptionskip=\skip57
) (/usr/share/texlive/texmf-dist/tex/latex/beamer/beamerbasenavigation.sty
\beamer@section@min@dim=\dimen272
) (/usr/share/texlive/texmf-dist/tex/latex/beamer/beamerbasetheorems.sty (/usr/share/texlive/texmf-dist/tex/latex/amsmath/amsmath.sty
Package: amsmath 2021/10/15 v2.17l AMS math features
\@mathmargin=\skip58

For additional information on amsmath, use the `?' option.
(/usr/share/texlive/texmf-dist/tex/latex/amsmath/amstext.sty
Package: amstext 2021/08/26 v2.01 AMS text
 (/usr/share/texlive/texmf-dist/tex/latex/amsmath/amsgen.sty
File: amsgen.sty 1999/11/30 v2.0 generic functions
\@emptytoks=\toks34
\ex@=\dimen273
)) (/usr/share/texlive/texmf-dist/tex/latex/amsmath/amsbsy.sty
Package: amsbsy 1999/11/29 v1.2d Bold Symbols
\pmbraise@=\dimen274
) (/usr/share/texlive/texmf-dist/tex/latex/amsmath/amsopn.sty
Package: amsopn 2021/08/26 v2.02 operator names
)
\inf@bad=\count316
LaTeX Info: Redefining \frac on input line 234.
\uproot@=\count317
\leftroot@=\count318
LaTeX Info: Redefining \overline on input line 399.
\classnum@=\count319
\DOTSCASE@=\count320
LaTeX Info: Redefining \ldots on input line 496.
LaTeX Info: Redefining \dots on input line 499.
LaTeX Info: Redefining \cdots on input line 620.
\Mathstrutbox@=\box73
\strutbox@=\box74
\big@size=\dimen275
LaTeX Font Info:    Redeclaring font encoding OML on input line 743.
LaTeX Font Info:    Redeclaring font encoding OMS on input line 744.
\macc@depth=\count321
\c@MaxMatrixCols=\count322
\dotsspace@=\muskip17
\c@parentequation=\count323
\dspbrk@lvl=\count324
\tag@help=\toks35
\row@=\count325
\column@=\count326
\maxfields@=\count327
\andhelp@=\toks36
\eqnshift@=\dimen276
\alignsep@=\dimen277
\tagshift@=\dimen278
\tagwidth@=\dimen279
\totwidth@=\dimen280
\lineht@=\dimen281
\@envbody=\toks37
\multlinegap=\skip59
\multlinetaggap=\skip60
\mathdisplay@stack=\toks38
LaTeX Info: Redefining \[ on input line 2938.
LaTeX Info: Redefining \] on input line 2939.
) (/usr/share/texlive/texmf-dist/tex/latex/amscls/amsthm.sty
Package: amsthm 2020/05/29 v2.20.6
\thm@style=\toks39
\thm@bodyfont=\toks40
\thm@headfont=\toks41
\thm@notefont=\toks42
\thm@headpunct=\toks43
\thm@preskip=\skip61
\thm@postskip=\skip62
\thm@headsep=\skip63
\dth@everypar=\toks44
)
\c@theorem=\count328
) (/usr/share/texlive/texmf-dist/tex/latex/beamer/beamerbasethemes.sty)) (/usr/share/texlive/texmf-dist/tex/latex/beamer/beamerthemedefault.sty (/usr/share/texlive/texmf-dist/tex/latex/beamer/beamerfontthemedefault.sty) (/usr/share/texlive/texmf-dist/tex/latex/beamer/beamercolorthemedefault.sty) (/usr/share/texlive/texmf-dist/tex/latex/beamer/beamerinnerthemedefault.sty
\beamer@dima=\dimen282
\beamer@dimb=\dimen283
) (/usr/share/texlive/texmf-dist/tex/latex/beamer/beamerouterthemedefault.sty))) (/usr/share/texlive/texmf-dist/tex/latex/base/inputenc.sty
Package: inputenc 2021/02/14 v1.3d Input encoding file
\inpenc@prehook=\toks45
\inpenc@posthook=\toks46
) (/usr/share/texlive/texmf-dist/tex/generic/babel/babel.sty
Package: babel 2022/01/26 3.70 The Babel package
\babel@savecnt=\count329
\U@D=\dimen284
\l@unhyphenated=\language87
 (/usr/share/texlive/texmf-dist/tex/generic/babel/txtbabel.def)
\bbl@readstream=\read3
LaTeX Info: Redefining \textlatin on input line 3967.
\bbl@dirlevel=\count330
 (/usr/share/texlive/texmf-dist/tex/generic/babel-spanish/spanish.ldf
Language: spanish.ldf 2021/05/27 v5.0q Spanish support from the babel system
\es@quottoks=\toks47
\es@quotdepth=\count331
Package babel Info: Making " an active character on input line 570.
Package babel Info: Making . an active character on input line 675.
Package babel Info: Making < an active character on input line 722.
Package babel Info: Making > an active character on input line 722.
)) (/usr/share/texlive/texmf-dist/tex/latex/listings/listings.sty
\lst@mode=\count332
\lst@gtempboxa=\box75
\lst@token=\toks48
\lst@length=\count333
\lst@currlwidth=\dimen285
\lst@column=\count334
\lst@pos=\count335
\lst@lostspace=\dimen286
\lst@width=\dimen287
\lst@newlines=\count336
\lst@lineno=\count337
\lst@maxwidth=\dimen288
 (/usr/share/texlive/texmf-dist/tex/latex/listings/lstmisc.sty
File: lstmisc.sty 2020/03/24 1.8d (Carsten Heinz)
\c@lstnumber=\count338
\lst@skipnumbers=\count339
\lst@framebox=\box76
) (/usr/share/texlive/texmf-dist/tex/latex/listings/listings.cfg
File: listings.cfg 2020/03/24 1.8d listings configuration
))
Package: listings 2020/03/24 1.8d (Carsten Heinz)
 (/usr/share/texlive/texmf-dist/tex/latex/beamer/beamerthemeMadrid.sty (/usr/share/texlive/texmf-dist/tex/latex/beamer/beamercolorthemewhale.sty) (/usr/share/texlive/texmf-dist/tex/latex/beamer/beamercolorthemeorchid.sty) (/usr/share/texlive/texmf-dist/tex/latex/beamer/beamerinnerthemerounded.sty) (/usr/share/texlive/texmf-dist/tex/latex/beamer/beamerouterthemeinfolines.sty)) (/usr/share/texlive/texmf-dist/tex/latex/beamer/beamerfontthemeserif.sty) (/usr/share/texlive/texmf-dist/tex/latex/tools/verbatim.sty
Package: verbatim 2020-07-07 v1.5u LaTeX2e package for verbatim enhancements
\every@verbatim=\toks49
\verbatim@line=\toks50
\verbatim@in@stream=\read4
) (/usr/share/texlive/texmf-dist/tex/latex/booktabs/booktabs.sty
Package: booktabs 2020/01/12 v1.61803398 Publication quality tables
\heavyrulewidth=\dimen289
\lightrulewidth=\dimen290
\cmidrulewidth=\dimen291
\belowrulesep=\dimen292
\belowbottomsep=\dimen293
\aboverulesep=\dimen294
\abovetopsep=\dimen295
\cmidrulesep=\dimen296
\cmidrulekern=\dimen297
\defaultaddspace=\dimen298
\@cmidla=\count340
\@cmidlb=\count341
\@aboverulesep=\dimen299
\@belowrulesep=\dimen300
\@thisruleclass=\count342
\@lastruleclass=\count343
\@thisrulewidth=\dimen301
) (/usr/share/texlive/texmf-dist/tex/latex/l3backend/l3backend-pdftex.def
File: l3backend-pdftex.def 2022-01-12 L3 backend support: PDF output (pdfTeX)
\l__color_backend_stack_int=\count344
\l__pdf_internal_box=\box77
) (./curso.aux
LaTeX Info: Redefining \. on input line 25.
LaTeX Info: Redefining \% on input line 25.
)
\openout1 = `curso.aux'.

LaTeX Font Info:    Checking defaults for OML/cmm/m/it on input line 23.
LaTeX Font Info:    ... okay on input line 23.
LaTeX Font Info:    Checking defaults for OMS/cmsy/m/n on input line 23.
LaTeX Font Info:    ... okay on input line 23.
LaTeX Font Info:    Checking defaults for OT1/cmr/m/n on input line 23.
LaTeX Font Info:    ... okay on input line 23.
LaTeX Font Info:    Checking defaults for T1/cmr/m/n on input line 23.
LaTeX Font Info:    ... okay on input line 23.
LaTeX Font Info:    Checking defaults for TS1/cmr/m/n on input line 23.
LaTeX Font Info:    ... okay on input line 23.
LaTeX Font Info:    Checking defaults for OMX/cmex/m/n on input line 23.
LaTeX Font Info:    ... okay on input line 23.
LaTeX Font Info:    Checking defaults for U/cmr/m/n on input line 23.
LaTeX Font Info:    ... okay on input line 23.
LaTeX Font Info:    Checking defaults for PD1/pdf/m/n on input line 23.
LaTeX Font Info:    ... okay on input line 23.
LaTeX Font Info:    Checking defaults for PU/pdf/m/n on input line 23.
LaTeX Font Info:    ... okay on input line 23.

*geometry* driver: auto-detecting
*geometry* detected driver: pdftex
*geometry* verbose mode - [ preamble ] result:
* driver: pdftex
* paper: custom
* layout: <same size as paper>
* layoutoffset:(h,v)=(0.0pt,0.0pt)
* modes: includehead includefoot 
* h-part:(L,W,R)=(11.74988pt, 340.6956pt, 11.74988pt)
* v-part:(T,H,B)=(0.0pt, 273.14662pt, 0.0pt)
* \paperwidth=364.19536pt
* \paperheight=273.14662pt
* \textwidth=340.6956pt
* \textheight=244.6939pt
* \oddsidemargin=-60.52011pt
* \evensidemargin=-60.52011pt
* \topmargin=-72.26999pt
* \headheight=14.22636pt
* \headsep=0.0pt
* \topskip=12.0pt
* \footskip=14.22636pt
* \marginparwidth=4.0pt
* \marginparsep=10.0pt
* \columnsep=10.0pt
* \skip\footins=10.8pt plus 4.0pt minus 2.0pt
* \hoffset=0.0pt
* \voffset=0.0pt
* \mag=1000
* \@twocolumnfalse
* \@twosidefalse
* \@mparswitchfalse
* \@reversemarginfalse
* (1in=72.27pt=25.4mm, 1cm=28.453pt)

(/usr/share/texlive/texmf-dist/tex/context/base/mkii/supp-pdf.mkii
[Loading MPS to PDF converter (version 2006.09.02).]
\scratchcounter=\count345
\scratchdimen=\dimen302
\scratchbox=\box78
\nofMPsegments=\count346
\nofMParguments=\count347
\everyMPshowfont=\toks51
\MPscratchCnt=\count348
\MPscratchDim=\dimen303
\MPnumerator=\count349
\makeMPintoPDFobject=\count350
\everyMPtoPDFconversion=\toks52
) (/usr/share/texlive/texmf-dist/tex/latex/epstopdf-pkg/epstopdf-base.sty
Package: epstopdf-base 2020-01-24 v2.11 Base part for package epstopdf
Package epstopdf-base Info: Redefining graphics rule for `.eps' on input line 485.
 (/usr/share/texlive/texmf-dist/tex/latex/latexconfig/epstopdf-sys.cfg
File: epstopdf-sys.cfg 2010/07/13 v1.3 Configuration of (r)epstopdf for TeX Live
))
Package hyperref Info: Link coloring OFF on input line 23.
 (/usr/share/texlive/texmf-dist/tex/latex/hyperref/nameref.sty
Package: nameref 2021-04-02 v2.47 Cross-referencing by name of section
 (/usr/share/texlive/texmf-dist/tex/latex/refcount/refcount.sty
Package: refcount 2019/12/15 v3.6 Data extraction from label references (HO)
) (/usr/share/texlive/texmf-dist/tex/generic/gettitlestring/gettitlestring.sty
Package: gettitlestring 2019/12/15 v1.6 Cleanup title references (HO)
)
\c@section@level=\count351
)
LaTeX Info: Redefining \ref on input line 23.
LaTeX Info: Redefining \pageref on input line 23.
LaTeX Info: Redefining \nameref on input line 23.
 (./curso.out) (./curso.out)
\@outlinefile=\write5
\openout5 = `curso.out'.

 (/usr/share/texlive/texmf-dist/tex/latex/translator/translator-basic-dictionary-English.dict
Dictionary: translator-basic-dictionary, Language: English 
) (/usr/share/texlive/texmf-dist/tex/latex/translator/translator-bibliography-dictionary-English.dict
Dictionary: translator-bibliography-dictionary, Language: English 
) (/usr/share/texlive/texmf-dist/tex/latex/translator/translator-environment-dictionary-English.dict
Dictionary: translator-environment-dictionary, Language: English 
) (/usr/share/texlive/texmf-dist/tex/latex/translator/translator-months-dictionary-English.dict
Dictionary: translator-months-dictionary, Language: English 
) (/usr/share/texlive/texmf-dist/tex/latex/translator/translator-numbers-dictionary-English.dict
Dictionary: translator-numbers-dictionary, Language: English 
) (/usr/share/texlive/texmf-dist/tex/latex/translator/translator-theorem-dictionary-English.dict
Dictionary: translator-theorem-dictionary, Language: English 
)
LaTeX Info: Redefining \. on input line 23.
LaTeX Info: Redefining \% on input line 23.
\c@lstlisting=\count352
 (./curso.nav)
LaTeX Font Info:    Trying to load font information for U+msa on input line 23.
 (/usr/share/texlive/texmf-dist/tex/latex/amsfonts/umsa.fd
File: umsa.fd 2013/01/14 v3.01 AMS symbols A
)
LaTeX Font Info:    Trying to load font information for U+msb on input line 23.
 (/usr/share/texlive/texmf-dist/tex/latex/amsfonts/umsb.fd
File: umsb.fd 2013/01/14 v3.01 AMS symbols B
) [1

{/var/lib/texmf/fonts/map/pdftex/updmap/pdftex.map}] (./curso.toc
LaTeX Info: Redefining \. on input line 1.
LaTeX Info: Redefining \% on input line 1.
) [2

] [3

] [4

] [5

] [6

] [7

] [8

] [9

] [10

] [11

] [12

] [13

] [14

] [15

] [16

] [17

] [18

] [19

] [20

] [21

] [22

] [23

]
<Editores.png, id=743, 730.22812pt x 331.2375pt>
File: Editores.png Graphic file (type png)
<use Editores.png>
Package pdftex.def Info: Editores.png  used on input line 87.
(pdftex.def)             Requested size: 272.55751pt x 123.6325pt.
 [24

 <./Editores.png>]
LaTeX Font Info:    Trying to load font information for OMS+cmtt on input line 109.
 (/usr/share/texmf/tex/latex/R/tex/latex/omscmtt.fd
File: omscmtt.fd 
)
LaTeX Font Info:    Font shape `OMS/cmtt/m/n' in size <12> not available
(Font)              Font shape `OMS/cmsy/m/n' tried instead on input line 109.
 [25

] [26

] [27

] [28

]
LaTeX Font Info:    Font shape `OMS/cmtt/m/n' in size <17.28> not available
(Font)              Font shape `OMS/cmsy/m/n' tried instead on input line 123.
 [29

] [30

] [31

] [32

] [33

] [34

] [35

] [36

] [37

] [38

] [39

] [40

] [41

] [42

]
LaTeX Font Info:    Font shape `OMS/cmtt/m/n' in size <10.95> not available
(Font)              Font shape `OMS/cmsy/m/n' tried instead on input line 160.
 [43

] [44

] [45

] [46

] [47

]
LaTeX Font Info:    Trying to load font information for OMS+cmr on input line 173.
 (/usr/share/texlive/texmf-dist/tex/latex/base/omscmr.fd
File: omscmr.fd 2019/12/16 v2.5j Standard LaTeX font definitions
)
LaTeX Font Info:    Font shape `OMS/cmr/m/n' in size <12> not available
(Font)              Font shape `OMS/cmsy/m/n' tried instead on input line 173.
 [48

] [49

] [50

] [51

] [52

] [53

] [54

] [55

] [56

] [57

] [58

] [59

] [60

] [61

] [62

] [63

] [64

] [65

] [66

]
LaTeX Font Info:    Font shape `OMS/cmr/m/n' in size <10> not available
(Font)              Font shape `OMS/cmsy/m/n' tried instead on input line 271.

Overfull \vbox (3.01071pt too high) detected at line 271
 []

[67

]
<Secciones.png, id=1981, 252.945pt x 205.5178pt>
File: Secciones.png Graphic file (type png)
<use Secciones.png>
Package pdftex.def Info: Secciones.png  used on input line 277.
(pdftex.def)             Requested size: 227.64839pt x 184.96431pt.
 [68

 <./Secciones.png>]
LaTeX Font Info:    Trying to load font information for TS1+cmtt on input line 305.
 (/usr/share/texlive/texmf-dist/tex/latex/base/ts1cmtt.fd
File: ts1cmtt.fd 2019/12/16 v2.5j Standard LaTeX font definitions
)
Overfull \vbox (2.76057pt too high) detected at line 305
 []

[69

]
Overfull \vbox (2.76057pt too high) detected at line 305
 []

[70

]
Overfull \vbox (2.76057pt too high) detected at line 305
 []

[71

] [72

] [73

] [74

] [75

] [76

] [77

] [78

] [79

] [80

] [81

]
\openout4 = `curso.vrb'.

 (./curso.vrb) [82

] (./curso.vrb) [83

] (./curso.vrb) [84

]
\openout4 = `curso.vrb'.

 (./curso.vrb
Underfull \hbox (badness 10000) in paragraph at lines 8--11
\OMS/cmsy/m/n/12 n\OT1/cmr/m/n/12 Omega = \OMS/cmsy/m/n/12 n\OT1/cmr/m/n/12 sum[]\OMS/cmsy/m/n/12 f\OT1/cmr/m/n/12 k=1\OMS/cmsy/m/n/12 g\OT1/cmtt/m/n/12 ^\OMS/cmsy/m/n/12 f\OT1/cmr/m/n/12 n\OMS/cmsy/m/n/12 g
 []


Overfull \hbox (13.42813pt too wide) in paragraph at lines 3--18
[]  
 []


Overfull \hbox (1.07039pt too wide) detected at line 33
\OML/cmm/m/it/12 min[]\OT1/cmr/m/n/12 (1 \OMS/cmsy/m/n/12 ^^@ \OML/cmm/m/it/12 x\OT1/cmr/m/n/12 )[]
 []

) [85

] (./curso.vrb
Underfull \hbox (badness 10000) in paragraph at lines 8--11
\OMS/cmsy/m/n/12 n\OT1/cmr/m/n/12 Omega = \OMS/cmsy/m/n/12 n\OT1/cmr/m/n/12 sum[]\OMS/cmsy/m/n/12 f\OT1/cmr/m/n/12 k=1\OMS/cmsy/m/n/12 g\OT1/cmtt/m/n/12 ^\OMS/cmsy/m/n/12 f\OT1/cmr/m/n/12 n\OMS/cmsy/m/n/12 g
 []


Overfull \hbox (13.42813pt too wide) in paragraph at lines 3--18
[]  
 []


Overfull \hbox (1.07039pt too wide) detected at line 33
\OML/cmm/m/it/12 min[]\OT1/cmr/m/n/12 (1 \OMS/cmsy/m/n/12 ^^@ \OML/cmm/m/it/12 x\OT1/cmr/m/n/12 )[]
 []

) [86

]
\openout4 = `curso.vrb'.

 (./curso.vrb
LaTeX Font Info:    Font shape `OMS/cmtt/m/n' in size <10> not available
(Font)              Font shape `OMS/cmsy/m/n' tried instead on input line 20.
) [87

] (./curso.vrb) [88

] (./curso.vrb) [89

]
\openout4 = `curso.vrb'.

 (./curso.vrb
LaTeX Font Info:    Font shape `OMS/cmr/m/n' in size <6> not available
(Font)              Font shape `OMS/cmsy/m/n' tried instead on input line 34.

Underfull \hbox (badness 10000) in paragraph at lines 34--34
\OMS/cmsy/m/n/6 n\OT1/cmr/m/n/6 usepackage\OMS/cmsy/m/n/6 f\OT1/cmr/m/n/6 amsmath\OMS/cmsy/m/n/6 g$ $\OT1/cmr/m/n/6 % pa-ra
 []


Underfull \hbox (badness 10000) in paragraph at lines 34--34

 []


Underfull \hbox (badness 10000) in paragraph at lines 34--34

 []


Underfull \hbox (badness 10000) in paragraph at lines 34--34

 []


Underfull \hbox (badness 10000) in paragraph at lines 34--34
[]\OT1/cmr/m/n/6 En la Sec-ci^^Son \OMS/cmsy/m/n/6 n\OT1/cmr/m/n/6 ref\OMS/cmsy/m/n/6 f\OT1/cmr/m/n/6 sec:metodo\OMS/cmsy/m/n/6 g\OT1/cmr/m/n/6 ,
 []


Underfull \hbox (badness 10000) in paragraph at lines 34--34

 []


Underfull \hbox (badness 10000) in paragraph at lines 34--34

 []


Underfull \hbox (badness 10000) in paragraph at lines 34--34

 []


Underfull \hbox (badness 10000) in paragraph at lines 34--34

 []

<Referencias.png, id=2629, 348.55219pt x 123.46124pt>
File: Referencias.png Graphic file (type png)
<use Referencias.png>
Package pdftex.def Info: Referencias.png  used on input line 34.
(pdftex.def)             Requested size: 209.1329pt x 74.0773pt.
)
Overfull \hbox (143.24556pt too wide) in paragraph at lines 34--506
[][][][][][]  
 []

[90

 <./Referencias.png>] (./curso.vrb
Underfull \hbox (badness 10000) in paragraph at lines 34--34
\OMS/cmsy/m/n/6 n\OT1/cmr/m/n/6 usepackage\OMS/cmsy/m/n/6 f\OT1/cmr/m/n/6 amsmath\OMS/cmsy/m/n/6 g$ $\OT1/cmr/m/n/6 % pa-ra
 []


Underfull \hbox (badness 10000) in paragraph at lines 34--34

 []


Underfull \hbox (badness 10000) in paragraph at lines 34--34

 []


Underfull \hbox (badness 10000) in paragraph at lines 34--34

 []


Underfull \hbox (badness 10000) in paragraph at lines 34--34
[]\OT1/cmr/m/n/6 En la Sec-ci^^Son \OMS/cmsy/m/n/6 n\OT1/cmr/m/n/6 ref\OMS/cmsy/m/n/6 f\OT1/cmr/m/n/6 sec:metodo\OMS/cmsy/m/n/6 g\OT1/cmr/m/n/6 ,
 []


Underfull \hbox (badness 10000) in paragraph at lines 34--34

 []


Underfull \hbox (badness 10000) in paragraph at lines 34--34

 []


Underfull \hbox (badness 10000) in paragraph at lines 34--34

 []


Underfull \hbox (badness 10000) in paragraph at lines 34--34

 []

File: Referencias.png Graphic file (type png)
<use Referencias.png>
Package pdftex.def Info: Referencias.png  used on input line 34.
(pdftex.def)             Requested size: 209.1329pt x 74.0773pt.
)
Overfull \hbox (143.24556pt too wide) in paragraph at lines 34--506
[][][][][][]  
 []

[91

] (./curso.vrb
Underfull \hbox (badness 10000) in paragraph at lines 34--34
\OMS/cmsy/m/n/6 n\OT1/cmr/m/n/6 usepackage\OMS/cmsy/m/n/6 f\OT1/cmr/m/n/6 amsmath\OMS/cmsy/m/n/6 g$ $\OT1/cmr/m/n/6 % pa-ra
 []


Underfull \hbox (badness 10000) in paragraph at lines 34--34

 []


Underfull \hbox (badness 10000) in paragraph at lines 34--34

 []


Underfull \hbox (badness 10000) in paragraph at lines 34--34

 []


Underfull \hbox (badness 10000) in paragraph at lines 34--34
[]\OT1/cmr/m/n/6 En la Sec-ci^^Son \OMS/cmsy/m/n/6 n\OT1/cmr/m/n/6 ref\OMS/cmsy/m/n/6 f\OT1/cmr/m/n/6 sec:metodo\OMS/cmsy/m/n/6 g\OT1/cmr/m/n/6 ,
 []


Underfull \hbox (badness 10000) in paragraph at lines 34--34

 []


Underfull \hbox (badness 10000) in paragraph at lines 34--34

 []


Underfull \hbox (badness 10000) in paragraph at lines 34--34

 []


Underfull \hbox (badness 10000) in paragraph at lines 34--34

 []

File: Referencias.png Graphic file (type png)
<use Referencias.png>
Package pdftex.def Info: Referencias.png  used on input line 34.
(pdftex.def)             Requested size: 209.1329pt x 74.0773pt.
)
Overfull \hbox (143.24556pt too wide) in paragraph at lines 34--506
[][][][][][][]  
 []

[92

]
Overfull \hbox (2.02733pt too wide) in paragraph at lines 532--532
[]\OMS/cmsy/m/n/12 n\OT1/cmtt/m/n/12 includegraphics\OMS/cmsy/m/n/12 f\OT1/cmtt/m/n/12 imagen.png\OMS/cmsy/m/n/12 g  
 []

Package epstopdf Info: Source file: <err_L4.eps>
(epstopdf)                    date: 2025-02-11 09:38:26
(epstopdf)                    size: 103727 bytes
(epstopdf)             Output file: <err_L4-eps-converted-to.pdf>
(epstopdf)                    date: 2025-02-28 09:01:53
(epstopdf)                    size: 24433 bytes
(epstopdf)             Command: <repstopdf --outfile=err_L4-eps-converted-to.pdf err_L4.eps>
(epstopdf)             \includegraphics on input line 532.
Package epstopdf Info: Output file is already uptodate.
<err_L4-eps-converted-to.pdf, id=2721, 557.08125pt x 557.08125pt>
File: err_L4-eps-converted-to.pdf Graphic file (type pdf)
<use err_L4-eps-converted-to.pdf>
Package pdftex.def Info: err_L4-eps-converted-to.pdf  used on input line 532.
(pdftex.def)             Requested size: 111.41428pt x 111.41428pt.
[93

 <./err_L4-eps-converted-to.pdf>]
Overfull \hbox (2.02733pt too wide) in paragraph at lines 532--532
[]\OMS/cmsy/m/n/12 n\OT1/cmtt/m/n/12 includegraphics\OMS/cmsy/m/n/12 f\OT1/cmtt/m/n/12 imagen.png\OMS/cmsy/m/n/12 g  
 []

Package epstopdf Info: Source file: <err_L4.eps>
(epstopdf)                    date: 2025-02-11 09:38:26
(epstopdf)                    size: 103727 bytes
(epstopdf)             Output file: <err_L4-eps-converted-to.pdf>
(epstopdf)                    date: 2025-02-28 09:01:53
(epstopdf)                    size: 24433 bytes
(epstopdf)             Command: <repstopdf --outfile=err_L4-eps-converted-to.pdf err_L4.eps>
(epstopdf)             \includegraphics on input line 532.
Package epstopdf Info: Output file is already uptodate.
File: err_L4-eps-converted-to.pdf Graphic file (type pdf)
<use err_L4-eps-converted-to.pdf>
Package pdftex.def Info: err_L4-eps-converted-to.pdf  used on input line 532.
(pdftex.def)             Requested size: 111.41428pt x 111.41428pt.
[94

]
Overfull \hbox (2.02733pt too wide) in paragraph at lines 532--532
[]\OMS/cmsy/m/n/12 n\OT1/cmtt/m/n/12 includegraphics\OMS/cmsy/m/n/12 f\OT1/cmtt/m/n/12 imagen.png\OMS/cmsy/m/n/12 g  
 []

Package epstopdf Info: Source file: <err_L4.eps>
(epstopdf)                    date: 2025-02-11 09:38:26
(epstopdf)                    size: 103727 bytes
(epstopdf)             Output file: <err_L4-eps-converted-to.pdf>
(epstopdf)                    date: 2025-02-28 09:01:53
(epstopdf)                    size: 24433 bytes
(epstopdf)             Command: <repstopdf --outfile=err_L4-eps-converted-to.pdf err_L4.eps>
(epstopdf)             \includegraphics on input line 532.
Package epstopdf Info: Output file is already uptodate.
File: err_L4-eps-converted-to.pdf Graphic file (type pdf)
<use err_L4-eps-converted-to.pdf>
Package pdftex.def Info: err_L4-eps-converted-to.pdf  used on input line 532.
(pdftex.def)             Requested size: 111.41428pt x 111.41428pt.
[95

]
Overfull \hbox (2.02733pt too wide) in paragraph at lines 532--532
[]\OMS/cmsy/m/n/12 n\OT1/cmtt/m/n/12 includegraphics\OMS/cmsy/m/n/12 f\OT1/cmtt/m/n/12 imagen.png\OMS/cmsy/m/n/12 g  
 []

Package epstopdf Info: Source file: <err_L4.eps>
(epstopdf)                    date: 2025-02-11 09:38:26
(epstopdf)                    size: 103727 bytes
(epstopdf)             Output file: <err_L4-eps-converted-to.pdf>
(epstopdf)                    date: 2025-02-28 09:01:53
(epstopdf)                    size: 24433 bytes
(epstopdf)             Command: <repstopdf --outfile=err_L4-eps-converted-to.pdf err_L4.eps>
(epstopdf)             \includegraphics on input line 532.
Package epstopdf Info: Output file is already uptodate.
File: err_L4-eps-converted-to.pdf Graphic file (type pdf)
<use err_L4-eps-converted-to.pdf>
Package pdftex.def Info: err_L4-eps-converted-to.pdf  used on input line 532.
(pdftex.def)             Requested size: 111.41428pt x 111.41428pt.
[96

]
Overfull \hbox (0.29321pt too wide) in paragraph at lines 543--543
[]\OMS/cmsy/m/n/12 n\OT1/cmtt/m/n/12 includegraphics[height=0.5\OMS/cmsy/m/n/12 n\OT1/cmtt/m/n/12 textheight]\OMS/cmsy/m/n/12 f\OT1/cmtt/m/n/12 imagen.png\OMS/cmsy/m/n/12 g[]\OT1/cmr/m/n/12 .[][][][][]  
 []

[97

]
Overfull \hbox (0.29321pt too wide) in paragraph at lines 543--543
[]\OMS/cmsy/m/n/12 n\OT1/cmtt/m/n/12 includegraphics[height=0.5\OMS/cmsy/m/n/12 n\OT1/cmtt/m/n/12 textheight]\OMS/cmsy/m/n/12 f\OT1/cmtt/m/n/12 imagen.png\OMS/cmsy/m/n/12 g[]\OT1/cmr/m/n/12 .[][][][][]  
 []

[98

]
Overfull \hbox (0.29321pt too wide) in paragraph at lines 543--543
[]\OMS/cmsy/m/n/12 n\OT1/cmtt/m/n/12 includegraphics[height=0.5\OMS/cmsy/m/n/12 n\OT1/cmtt/m/n/12 textheight]\OMS/cmsy/m/n/12 f\OT1/cmtt/m/n/12 imagen.png\OMS/cmsy/m/n/12 g[]\OT1/cmr/m/n/12 .[][][][][]  
 []

[99

]
Overfull \hbox (0.29321pt too wide) in paragraph at lines 543--543
[]\OMS/cmsy/m/n/12 n\OT1/cmtt/m/n/12 includegraphics[height=0.5\OMS/cmsy/m/n/12 n\OT1/cmtt/m/n/12 textheight]\OMS/cmsy/m/n/12 f\OT1/cmtt/m/n/12 imagen.png\OMS/cmsy/m/n/12 g[]\OT1/cmr/m/n/12 .[][][][][]  
 []

[100

]
Overfull \hbox (0.29321pt too wide) in paragraph at lines 543--543
[]\OMS/cmsy/m/n/12 n\OT1/cmtt/m/n/12 includegraphics[height=0.5\OMS/cmsy/m/n/12 n\OT1/cmtt/m/n/12 textheight]\OMS/cmsy/m/n/12 f\OT1/cmtt/m/n/12 imagen.png\OMS/cmsy/m/n/12 g[]\OT1/cmr/m/n/12 .[][][][][]  
 []

[101

]
Overfull \hbox (0.29321pt too wide) in paragraph at lines 543--543
[]\OMS/cmsy/m/n/12 n\OT1/cmtt/m/n/12 includegraphics[height=0.5\OMS/cmsy/m/n/12 n\OT1/cmtt/m/n/12 textheight]\OMS/cmsy/m/n/12 f\OT1/cmtt/m/n/12 imagen.png\OMS/cmsy/m/n/12 g[]\OT1/cmr/m/n/12 .[][][][][][]  
 []

[102

]
LaTeX Font Info:    Font shape `OMS/cmtt/m/n' in size <8> not available
(Font)              Font shape `OMS/cmsy/m/n' tried instead on input line 575.
Package epstopdf Info: Source file: <err_L4.eps>
(epstopdf)                    date: 2025-02-11 09:38:26
(epstopdf)                    size: 103727 bytes
(epstopdf)             Output file: <err_L4-eps-converted-to.pdf>
(epstopdf)                    date: 2025-02-28 09:01:53
(epstopdf)                    size: 24433 bytes
(epstopdf)             Command: <repstopdf --outfile=err_L4-eps-converted-to.pdf err_L4.eps>
(epstopdf)             \includegraphics on input line 575.
Package epstopdf Info: Output file is already uptodate.
File: err_L4-eps-converted-to.pdf Graphic file (type pdf)
<use err_L4-eps-converted-to.pdf>
Package pdftex.def Info: err_L4-eps-converted-to.pdf  used on input line 575.
(pdftex.def)             Requested size: 34.06903pt x 34.06096pt.
Package epstopdf Info: Source file: <err_L4.eps>
(epstopdf)                    date: 2025-02-11 09:38:26
(epstopdf)                    size: 103727 bytes
(epstopdf)             Output file: <err_L4-eps-converted-to.pdf>
(epstopdf)                    date: 2025-02-28 09:01:53
(epstopdf)                    size: 24433 bytes
(epstopdf)             Command: <repstopdf --outfile=err_L4-eps-converted-to.pdf err_L4.eps>
(epstopdf)             \includegraphics on input line 575.
Package epstopdf Info: Output file is already uptodate.
File: err_L4-eps-converted-to.pdf Graphic file (type pdf)
<use err_L4-eps-converted-to.pdf>
Package pdftex.def Info: err_L4-eps-converted-to.pdf  used on input line 575.
(pdftex.def)             Requested size: 119.2431pt x 119.24294pt.

Overfull \hbox (75.10228pt too wide) in paragraph at lines 575--575
[][]  
 []

[103

]
Package epstopdf Info: Source file: <err_L4.eps>
(epstopdf)                    date: 2025-02-11 09:38:26
(epstopdf)                    size: 103727 bytes
(epstopdf)             Output file: <err_L4-eps-converted-to.pdf>
(epstopdf)                    date: 2025-02-28 09:01:53
(epstopdf)                    size: 24433 bytes
(epstopdf)             Command: <repstopdf --outfile=err_L4-eps-converted-to.pdf err_L4.eps>
(epstopdf)             \includegraphics on input line 613.
Package epstopdf Info: Output file is already uptodate.
File: err_L4-eps-converted-to.pdf Graphic file (type pdf)
<use err_L4-eps-converted-to.pdf>
Package pdftex.def Info: err_L4-eps-converted-to.pdf  used on input line 613.
(pdftex.def)             Requested size: 83.55858pt x 83.55858pt.
Package epstopdf Info: Source file: <err_L4.eps>
(epstopdf)                    date: 2025-02-11 09:38:26
(epstopdf)                    size: 103727 bytes
(epstopdf)             Output file: <err_L4-eps-converted-to.pdf>
(epstopdf)                    date: 2025-02-28 09:01:53
(epstopdf)                    size: 24433 bytes
(epstopdf)             Command: <repstopdf --outfile=err_L4-eps-converted-to.pdf err_L4.eps>
(epstopdf)             \includegraphics on input line 613.
Package epstopdf Info: Output file is already uptodate.
File: err_L4-eps-converted-to.pdf Graphic file (type pdf)
<use err_L4-eps-converted-to.pdf>
Package pdftex.def Info: err_L4-eps-converted-to.pdf  used on input line 613.
(pdftex.def)             Requested size: 55.71138pt x 55.71138pt.
 [104

]
Package epstopdf Info: Source file: <err_L4.eps>
(epstopdf)                    date: 2025-02-11 09:38:26
(epstopdf)                    size: 103727 bytes
(epstopdf)             Output file: <err_L4-eps-converted-to.pdf>
(epstopdf)                    date: 2025-02-28 09:01:53
(epstopdf)                    size: 24433 bytes
(epstopdf)             Command: <repstopdf --outfile=err_L4-eps-converted-to.pdf err_L4.eps>
(epstopdf)             \includegraphics on input line 613.
Package epstopdf Info: Output file is already uptodate.
File: err_L4-eps-converted-to.pdf Graphic file (type pdf)
<use err_L4-eps-converted-to.pdf>
Package pdftex.def Info: err_L4-eps-converted-to.pdf  used on input line 613.
(pdftex.def)             Requested size: 83.55858pt x 83.55858pt.
Package epstopdf Info: Source file: <err_L4.eps>
(epstopdf)                    date: 2025-02-11 09:38:26
(epstopdf)                    size: 103727 bytes
(epstopdf)             Output file: <err_L4-eps-converted-to.pdf>
(epstopdf)                    date: 2025-02-28 09:01:53
(epstopdf)                    size: 24433 bytes
(epstopdf)             Command: <repstopdf --outfile=err_L4-eps-converted-to.pdf err_L4.eps>
(epstopdf)             \includegraphics on input line 613.
Package epstopdf Info: Output file is already uptodate.
File: err_L4-eps-converted-to.pdf Graphic file (type pdf)
<use err_L4-eps-converted-to.pdf>
Package pdftex.def Info: err_L4-eps-converted-to.pdf  used on input line 613.
(pdftex.def)             Requested size: 55.71138pt x 55.71138pt.
 [105

]
Package epstopdf Info: Source file: <err_L4.eps>
(epstopdf)                    date: 2025-02-11 09:38:26
(epstopdf)                    size: 103727 bytes
(epstopdf)             Output file: <err_L4-eps-converted-to.pdf>
(epstopdf)                    date: 2025-02-28 09:01:53
(epstopdf)                    size: 24433 bytes
(epstopdf)             Command: <repstopdf --outfile=err_L4-eps-converted-to.pdf err_L4.eps>
(epstopdf)             \includegraphics on input line 613.
Package epstopdf Info: Output file is already uptodate.
File: err_L4-eps-converted-to.pdf Graphic file (type pdf)
<use err_L4-eps-converted-to.pdf>
Package pdftex.def Info: err_L4-eps-converted-to.pdf  used on input line 613.
(pdftex.def)             Requested size: 83.55858pt x 83.55858pt.
Package epstopdf Info: Source file: <err_L4.eps>
(epstopdf)                    date: 2025-02-11 09:38:26
(epstopdf)                    size: 103727 bytes
(epstopdf)             Output file: <err_L4-eps-converted-to.pdf>
(epstopdf)                    date: 2025-02-28 09:01:53
(epstopdf)                    size: 24433 bytes
(epstopdf)             Command: <repstopdf --outfile=err_L4-eps-converted-to.pdf err_L4.eps>
(epstopdf)             \includegraphics on input line 613.
Package epstopdf Info: Output file is already uptodate.
File: err_L4-eps-converted-to.pdf Graphic file (type pdf)
<use err_L4-eps-converted-to.pdf>
Package pdftex.def Info: err_L4-eps-converted-to.pdf  used on input line 613.
(pdftex.def)             Requested size: 55.71138pt x 55.71138pt.
 [106

]
Package epstopdf Info: Source file: <err_L4.eps>
(epstopdf)                    date: 2025-02-11 09:38:26
(epstopdf)                    size: 103727 bytes
(epstopdf)             Output file: <err_L4-eps-converted-to.pdf>
(epstopdf)                    date: 2025-02-28 09:01:53
(epstopdf)                    size: 24433 bytes
(epstopdf)             Command: <repstopdf --outfile=err_L4-eps-converted-to.pdf err_L4.eps>
(epstopdf)             \includegraphics on input line 650.
Package epstopdf Info: Output file is already uptodate.
File: err_L4-eps-converted-to.pdf Graphic file (type pdf)
<use err_L4-eps-converted-to.pdf>
Package pdftex.def Info: err_L4-eps-converted-to.pdf  used on input line 650.
(pdftex.def)             Requested size: 101.62935pt x 26.3481pt.
Package epstopdf Info: Source file: <err_L4.eps>
(epstopdf)                    date: 2025-02-11 09:38:26
(epstopdf)                    size: 103727 bytes
(epstopdf)             Output file: <err_L4-eps-converted-to.pdf>
(epstopdf)                    date: 2025-02-28 09:01:53
(epstopdf)                    size: 24433 bytes
(epstopdf)             Command: <repstopdf --outfile=err_L4-eps-converted-to.pdf err_L4.eps>
(epstopdf)             \includegraphics on input line 650.
Package epstopdf Info: Output file is already uptodate.
File: err_L4-eps-converted-to.pdf Graphic file (type pdf)
<use err_L4-eps-converted-to.pdf>
Package pdftex.def Info: err_L4-eps-converted-to.pdf  used on input line 650.
(pdftex.def)             Requested size: 114.17622pt x 136.76059pt.

Overfull \hbox (11.9665pt too wide) in paragraph at lines 650--650
[][] 
 []


Overfull \vbox (6.43796pt too high) detected at line 650
 []

[107

]
Package epstopdf Info: Source file: <err_L4.eps>
(epstopdf)                    date: 2025-02-11 09:38:26
(epstopdf)                    size: 103727 bytes
(epstopdf)             Output file: <err_L4-eps-converted-to.pdf>
(epstopdf)                    date: 2025-02-28 09:01:53
(epstopdf)                    size: 24433 bytes
(epstopdf)             Command: <repstopdf --outfile=err_L4-eps-converted-to.pdf err_L4.eps>
(epstopdf)             \includegraphics on input line 650.
Package epstopdf Info: Output file is already uptodate.
File: err_L4-eps-converted-to.pdf Graphic file (type pdf)
<use err_L4-eps-converted-to.pdf>
Package pdftex.def Info: err_L4-eps-converted-to.pdf  used on input line 650.
(pdftex.def)             Requested size: 101.62935pt x 26.3481pt.
Package epstopdf Info: Source file: <err_L4.eps>
(epstopdf)                    date: 2025-02-11 09:38:26
(epstopdf)                    size: 103727 bytes
(epstopdf)             Output file: <err_L4-eps-converted-to.pdf>
(epstopdf)                    date: 2025-02-28 09:01:53
(epstopdf)                    size: 24433 bytes
(epstopdf)             Command: <repstopdf --outfile=err_L4-eps-converted-to.pdf err_L4.eps>
(epstopdf)             \includegraphics on input line 650.
Package epstopdf Info: Output file is already uptodate.
File: err_L4-eps-converted-to.pdf Graphic file (type pdf)
<use err_L4-eps-converted-to.pdf>
Package pdftex.def Info: err_L4-eps-converted-to.pdf  used on input line 650.
(pdftex.def)             Requested size: 114.17622pt x 136.76059pt.

Overfull \hbox (11.9665pt too wide) in paragraph at lines 650--650
[][] 
 []


Overfull \vbox (6.43796pt too high) detected at line 650
 []

[108

]
LaTeX Font Info:    Font shape `OMS/cmr/m/n' in size <8> not available
(Font)              Font shape `OMS/cmsy/m/n' tried instead on input line 675.
LaTeX Font Info:    Trying to load font information for U+lasy on input line 675.
 (/usr/share/texlive/texmf-dist/tex/latex/base/ulasy.fd
File: ulasy.fd 1998/08/17 v2.2e LaTeX symbol font definitions
)
Overfull \vbox (10.98051pt too high) detected at line 675
 []

[109

]
Overfull \vbox (10.98051pt too high) detected at line 675
 []

[110

]
Overfull \vbox (10.98051pt too high) detected at line 675
 []

[111

]
Overfull \vbox (10.98051pt too high) detected at line 675
 []

[112

] [113

] [114

] [115

]
Overfull \hbox (24.00002pt too wide) in paragraph at lines 711--711
[][]  
 []

[116

]
Overfull \hbox (717.72163pt too wide) in paragraph at lines 748--748
[][] 
 []


Overfull \hbox (24.00002pt too wide) in paragraph at lines 748--748
 [] 
 []

[117

]
Overfull \hbox (717.72163pt too wide) in paragraph at lines 748--748
[][] 
 []


Overfull \hbox (24.00002pt too wide) in paragraph at lines 748--748
 [] 
 []

[118

] [119

] [120

] [121

]
Underfull \hbox (badness 1057) in paragraph at lines 790--790
\OT1/cmr/m/n/8 g^^Sene-ro Ca-nis, el cual for-ma
 []


Underfull \hbox (badness 6016) in paragraph at lines 790--790
\OT1/cmr/m/n/8 ca de pe-que~nos mam^^S^^Pfe-ros
 []


Overfull \hbox (24.00002pt too wide) in paragraph at lines 790--790
 [] 
 []

[122

] [123

] [124

] [125

] [126

] [127

]
Overfull \hbox (24.00002pt too wide) in paragraph at lines 836--836
 [] 
 []

[128

] [129

] [130

] [131

] [132

] [133

] [134

] [135

] [136

] [137

] [138

] [139

] [140

] [141

] [142

] [143

] [144

] [145

] [146

] [147

] [148

] [149

] [150

] [151

] [152

]
\tf@nav=\write6
\openout6 = `curso.nav'.

\tf@toc=\write7
\openout7 = `curso.toc'.

\tf@snm=\write8
\openout8 = `curso.snm'.

 (./curso.aux
LaTeX Info: Redefining \. on input line 25.
LaTeX Info: Redefining \% on input line 25.
)
Package rerunfilecheck Info: File `curso.out' has not changed.
(rerunfilecheck)             Checksum: 7448815554090C51A18060959CC014AF;1884.
 ) 
Here is how much of TeX's memory you used:
 25382 strings out of 478287
 485001 string characters out of 5849289
 763811 words of memory out of 5000000
 42715 multiletter control sequences out of 15000+600000
 482928 words of font info for 83 fonts, out of 8000000 for 9000
 1141 hyphenation exceptions out of 8191
 128i,19n,122p,558b,889s stack positions out of 5000i,500n,10000p,200000b,80000s
{/usr/share/texmf/fonts/enc/dvips/cm-super/cm-super-ts1.enc}</usr/share/texlive/texmf-dist/fonts/type1/public/amsfonts/cm/cmbx12.pfb></usr/share/texlive/texmf-dist/fonts/type1/public/amsfonts/cm/cmbx8.pfb></usr/share/texlive/texmf-dist/fonts/type1/public/amsfonts/cm/cmex10.pfb></usr/share/texlive/texmf-dist/fonts/type1/public/amsfonts/cm/cmmi10.pfb></usr/share/texlive/texmf-dist/fonts/type1/public/amsfonts/cm/cmmi12.pfb></usr/share/texlive/texmf-dist/fonts/type1/public/amsfonts/cm/cmmi8.pfb></usr/share/texlive/texmf-dist/fonts/type1/public/amsfonts/cm/cmr10.pfb></usr/share/texlive/texmf-dist/fonts/type1/public/amsfonts/cm/cmr12.pfb></usr/share/texlive/texmf-dist/fonts/type1/public/amsfonts/cm/cmr17.pfb></usr/share/texlive/texmf-dist/fonts/type1/public/amsfonts/cm/cmr5.pfb></usr/share/texlive/texmf-dist/fonts/type1/public/amsfonts/cm/cmr6.pfb></usr/share/texlive/texmf-dist/fonts/type1/public/amsfonts/cm/cmr7.pfb></usr/share/texlive/texmf-dist/fonts/type1/public/amsfonts/cm/cmr8.pfb></usr/share/texlive/texmf-dist/fonts/type1/public/amsfonts/cm/cmsy10.pfb></usr/share/texlive/texmf-dist/fonts/type1/public/amsfonts/cm/cmsy6.pfb></usr/share/texlive/texmf-dist/fonts/type1/public/amsfonts/cm/cmsy8.pfb></usr/share/texlive/texmf-dist/fonts/type1/public/amsfonts/cm/cmti12.pfb></usr/share/texlive/texmf-dist/fonts/type1/public/amsfonts/cm/cmtt10.pfb></usr/share/texlive/texmf-dist/fonts/type1/public/amsfonts/cm/cmtt12.pfb></usr/share/texlive/texmf-dist/fonts/type1/public/amsfonts/cm/cmtt8.pfb></usr/share/texlive/texmf-dist/fonts/type1/public/amsfonts/latxfont/lasy8.pfb></usr/share/texmf/fonts/type1/public/cm-super/sfrm1000.pfb></usr/share/texmf/fonts/type1/public/cm-super/sfrm1200.pfb></usr/share/texmf/fonts/type1/public/cm-super/sftt1000.pfb></usr/share/texmf/fonts/type1/public/cm-super/sftt1200.pfb>
Output written on curso.pdf (152 pages, 867673 bytes).
PDF statistics:
 4708 PDF objects out of 5155 (max. 8388607)
 4244 compressed objects within 43 object streams
 322 named destinations out of 1000 (max. 500000)
 1409 words of extra memory for PDF output out of 10000 (max. 10000000)

