This is pdfTeX, Version 3.141592653-2.6-1.40.26 (TeX Live 2024) (preloaded format=pdflatex 2024.7.23)  30 MAR 2025 22:51
entering extended mode
 restricted \write18 enabled.
 file:line:error style messages enabled.
 %&-line parsing enabled.
**c:/Users/USUARIO/Documents/repo/Materias/MNI/UmidadIV
(c:/Users/USUARIO/Documents/repo/Materias/MNI/UmidadIV.tex
LaTeX2e <2024-06-01> patch level 2
L3 programming layer <2024-05-27>
(c:/texlive/2024/texmf-dist/tex/latex/beamer/beamer.cls
Document Class: beamer 2024/01/06 v3.71 A class for typesetting presentations
(c:/texlive/2024/texmf-dist/tex/latex/beamer/beamerbasemodes.sty (c:/texlive/2024/texmf-dist/tex/latex/etoolbox/etoolbox.sty
Package: etoolbox 2020/10/05 v2.5k e-TeX tools for LaTeX (JAW)
\etb@tempcnta=\count194
)
\beamer@tempbox=\box52
\beamer@tempcount=\count195
\c@beamerpauses=\count196
 (c:/texlive/2024/texmf-dist/tex/latex/beamer/beamerbasedecode.sty
\beamer@slideinframe=\count197
\beamer@minimum=\count198
\beamer@decode@box=\box53
)
\beamer@commentbox=\box54
\beamer@modecount=\count199
) (c:/texlive/2024/texmf-dist/tex/generic/iftex/iftex.sty
Package: iftex 2022/02/03 v1.0f TeX engine tests
)
\headdp=\dimen141
\footheight=\dimen142
\sidebarheight=\dimen143
\beamer@tempdim=\dimen144
\beamer@finalheight=\dimen145
\beamer@animht=\dimen146
\beamer@animdp=\dimen147
\beamer@animwd=\dimen148
\beamer@leftmargin=\dimen149
\beamer@rightmargin=\dimen150
\beamer@leftsidebar=\dimen151
\beamer@rightsidebar=\dimen152
\beamer@boxsize=\dimen153
\beamer@vboxoffset=\dimen154
\beamer@descdefault=\dimen155
\beamer@descriptionwidth=\dimen156
\beamer@lastskip=\skip49
\beamer@areabox=\box55
\beamer@animcurrent=\box56
\beamer@animshowbox=\box57
\beamer@sectionbox=\box58
\beamer@logobox=\box59
\beamer@linebox=\box60
\beamer@sectioncount=\count266
\beamer@subsubsectionmax=\count267
\beamer@subsectionmax=\count268
\beamer@sectionmax=\count269
\beamer@totalheads=\count270
\beamer@headcounter=\count271
\beamer@partstartpage=\count272
\beamer@sectionstartpage=\count273
\beamer@subsectionstartpage=\count274
\beamer@animationtempa=\count275
\beamer@animationtempb=\count276
\beamer@xpos=\count277
\beamer@ypos=\count278
\beamer@ypos@offset=\count279
\beamer@showpartnumber=\count280
\beamer@currentsubsection=\count281
\beamer@coveringdepth=\count282
\beamer@sectionadjust=\count283
\beamer@toclastsection=\count284
\beamer@tocsectionnumber=\count285
 (c:/texlive/2024/texmf-dist/tex/latex/beamer/beamerbaseoptions.sty (c:/texlive/2024/texmf-dist/tex/latex/graphics/keyval.sty
Package: keyval 2022/05/29 v1.15 key=value parser (DPC)
\KV@toks@=\toks17
))
\beamer@paperwidth=\skip50
\beamer@paperheight=\skip51
 (c:/texlive/2024/texmf-dist/tex/latex/geometry/geometry.sty
Package: geometry 2020/01/02 v5.9 Page Geometry
 (c:/texlive/2024/texmf-dist/tex/generic/iftex/ifvtex.sty
Package: ifvtex 2019/10/25 v1.7 ifvtex legacy package. Use iftex instead.
)
\Gm@cnth=\count286
\Gm@cntv=\count287
\c@Gm@tempcnt=\count288
\Gm@bindingoffset=\dimen157
\Gm@wd@mp=\dimen158
\Gm@odd@mp=\dimen159
\Gm@even@mp=\dimen160
\Gm@layoutwidth=\dimen161
\Gm@layoutheight=\dimen162
\Gm@layouthoffset=\dimen163
\Gm@layoutvoffset=\dimen164
\Gm@dimlist=\toks18
) (c:/texlive/2024/texmf-dist/tex/latex/pgf/math/pgfmath.sty (c:/texlive/2024/texmf-dist/tex/latex/pgf/utilities/pgfrcs.sty (c:/texlive/2024/texmf-dist/tex/generic/pgf/utilities/pgfutil-common.tex
\pgfutil@everybye=\toks19
\pgfutil@tempdima=\dimen165
\pgfutil@tempdimb=\dimen166
) (c:/texlive/2024/texmf-dist/tex/generic/pgf/utilities/pgfutil-latex.def
\pgfutil@abb=\box61
) (c:/texlive/2024/texmf-dist/tex/generic/pgf/utilities/pgfrcs.code.tex (c:/texlive/2024/texmf-dist/tex/generic/pgf/pgf.revision.tex)
Package: pgfrcs 2023-01-15 v3.1.10 (3.1.10)
)) (c:/texlive/2024/texmf-dist/tex/latex/pgf/utilities/pgfkeys.sty (c:/texlive/2024/texmf-dist/tex/generic/pgf/utilities/pgfkeys.code.tex
\pgfkeys@pathtoks=\toks20
\pgfkeys@temptoks=\toks21
 (c:/texlive/2024/texmf-dist/tex/generic/pgf/utilities/pgfkeyslibraryfiltered.code.tex
\pgfkeys@tmptoks=\toks22
))) (c:/texlive/2024/texmf-dist/tex/generic/pgf/math/pgfmath.code.tex (c:/texlive/2024/texmf-dist/tex/generic/pgf/math/pgfmathutil.code.tex
\pgf@x=\dimen167
\pgf@xa=\dimen168
\pgf@xb=\dimen169
\pgf@xc=\dimen170
\pgf@y=\dimen171
\pgf@ya=\dimen172
\pgf@yb=\dimen173
\pgf@yc=\dimen174
\c@pgf@counta=\count289
\c@pgf@countb=\count290
\c@pgf@countc=\count291
\c@pgf@countd=\count292
) (c:/texlive/2024/texmf-dist/tex/generic/pgf/math/pgfmathparser.code.tex
\pgfmath@dimen=\dimen175
\pgfmath@count=\count293
\pgfmath@box=\box62
\pgfmath@toks=\toks23
\pgfmath@stack@operand=\toks24
\pgfmath@stack@operation=\toks25
) (c:/texlive/2024/texmf-dist/tex/generic/pgf/math/pgfmathfunctions.code.tex) (c:/texlive/2024/texmf-dist/tex/generic/pgf/math/pgfmathfunctions.basic.code.tex) (c:/texlive/2024/texmf-dist/tex/generic/pgf/math/pgfmathfunctions.trigonometric.code.tex) (c:/texlive/2024/texmf-dist/tex/generic/pgf/math/pgfmathfunctions.random.code.tex) (c:/texlive/2024/texmf-dist/tex/generic/pgf/math/pgfmathfunctions.comparison.code.tex) (c:/texlive/2024/texmf-dist/tex/generic/pgf/math/pgfmathfunctions.base.code.tex) (c:/texlive/2024/texmf-dist/tex/generic/pgf/math/pgfmathfunctions.round.code.tex) (c:/texlive/2024/texmf-dist/tex/generic/pgf/math/pgfmathfunctions.misc.code.tex) (c:/texlive/2024/texmf-dist/tex/generic/pgf/math/pgfmathfunctions.integerarithmetics.code.tex) (c:/texlive/2024/texmf-dist/tex/generic/pgf/math/pgfmathcalc.code.tex) (c:/texlive/2024/texmf-dist/tex/generic/pgf/math/pgfmathfloat.code.tex
\c@pgfmathroundto@lastzeros=\count294
))) (c:/texlive/2024/texmf-dist/tex/latex/base/size12.clo
File: size12.clo 2024/02/08 v1.4n Standard LaTeX file (size option)
) (c:/texlive/2024/texmf-dist/tex/latex/pgf/basiclayer/pgfcore.sty (c:/texlive/2024/texmf-dist/tex/latex/graphics/graphicx.sty
Package: graphicx 2021/09/16 v1.2d Enhanced LaTeX Graphics (DPC,SPQR)
 (c:/texlive/2024/texmf-dist/tex/latex/graphics/graphics.sty
Package: graphics 2024/05/23 v1.4g Standard LaTeX Graphics (DPC,SPQR)
 (c:/texlive/2024/texmf-dist/tex/latex/graphics/trig.sty
Package: trig 2023/12/02 v1.11 sin cos tan (DPC)
) (c:/texlive/2024/texmf-dist/tex/latex/graphics-cfg/graphics.cfg
File: graphics.cfg 2016/06/04 v1.11 sample graphics configuration
)
Package graphics Info: Driver file: pdftex.def on input line 106.
 (c:/texlive/2024/texmf-dist/tex/latex/graphics-def/pdftex.def
File: pdftex.def 2024/04/13 v1.2c Graphics/color driver for pdftex
))
\Gin@req@height=\dimen176
\Gin@req@width=\dimen177
) (c:/texlive/2024/texmf-dist/tex/latex/pgf/systemlayer/pgfsys.sty (c:/texlive/2024/texmf-dist/tex/generic/pgf/systemlayer/pgfsys.code.tex
Package: pgfsys 2023-01-15 v3.1.10 (3.1.10)
\pgf@x=\dimen178
\pgf@y=\dimen179
\pgf@xa=\dimen180
\pgf@ya=\dimen181
\pgf@xb=\dimen182
\pgf@yb=\dimen183
\pgf@xc=\dimen184
\pgf@yc=\dimen185
\pgf@xd=\dimen186
\pgf@yd=\dimen187
\w@pgf@writea=\write3
\r@pgf@reada=\read2
\c@pgf@counta=\count295
\c@pgf@countb=\count296
\c@pgf@countc=\count297
\c@pgf@countd=\count298
\t@pgf@toka=\toks26
\t@pgf@tokb=\toks27
\t@pgf@tokc=\toks28
\pgf@sys@id@count=\count299
 (c:/texlive/2024/texmf-dist/tex/generic/pgf/systemlayer/pgf.cfg
File: pgf.cfg 2023-01-15 v3.1.10 (3.1.10)
)
Driver file for pgf: pgfsys-pdftex.def
 (c:/texlive/2024/texmf-dist/tex/generic/pgf/systemlayer/pgfsys-pdftex.def
File: pgfsys-pdftex.def 2023-01-15 v3.1.10 (3.1.10)
 (c:/texlive/2024/texmf-dist/tex/generic/pgf/systemlayer/pgfsys-common-pdf.def
File: pgfsys-common-pdf.def 2023-01-15 v3.1.10 (3.1.10)
))) (c:/texlive/2024/texmf-dist/tex/generic/pgf/systemlayer/pgfsyssoftpath.code.tex
File: pgfsyssoftpath.code.tex 2023-01-15 v3.1.10 (3.1.10)
\pgfsyssoftpath@smallbuffer@items=\count300
\pgfsyssoftpath@bigbuffer@items=\count301
) (c:/texlive/2024/texmf-dist/tex/generic/pgf/systemlayer/pgfsysprotocol.code.tex
File: pgfsysprotocol.code.tex 2023-01-15 v3.1.10 (3.1.10)
)) (c:/texlive/2024/texmf-dist/tex/latex/xcolor/xcolor.sty
Package: xcolor 2023/11/15 v3.01 LaTeX color extensions (UK)
 (c:/texlive/2024/texmf-dist/tex/latex/graphics-cfg/color.cfg
File: color.cfg 2016/01/02 v1.6 sample color configuration
)
Package xcolor Info: Driver file: pdftex.def on input line 274.
 (c:/texlive/2024/texmf-dist/tex/latex/graphics/mathcolor.ltx)
Package xcolor Info: Model `cmy' substituted by `cmy0' on input line 1350.
Package xcolor Info: Model `hsb' substituted by `rgb' on input line 1354.
Package xcolor Info: Model `RGB' extended on input line 1366.
Package xcolor Info: Model `HTML' substituted by `rgb' on input line 1368.
Package xcolor Info: Model `Hsb' substituted by `hsb' on input line 1369.
Package xcolor Info: Model `tHsb' substituted by `hsb' on input line 1370.
Package xcolor Info: Model `HSB' substituted by `hsb' on input line 1371.
Package xcolor Info: Model `Gray' substituted by `gray' on input line 1372.
Package xcolor Info: Model `wave' substituted by `hsb' on input line 1373.
) (c:/texlive/2024/texmf-dist/tex/generic/pgf/basiclayer/pgfcore.code.tex
Package: pgfcore 2023-01-15 v3.1.10 (3.1.10)
 (c:/texlive/2024/texmf-dist/tex/generic/pgf/math/pgfint.code.tex) (c:/texlive/2024/texmf-dist/tex/generic/pgf/basiclayer/pgfcorepoints.code.tex
File: pgfcorepoints.code.tex 2023-01-15 v3.1.10 (3.1.10)
\pgf@picminx=\dimen188
\pgf@picmaxx=\dimen189
\pgf@picminy=\dimen190
\pgf@picmaxy=\dimen191
\pgf@pathminx=\dimen192
\pgf@pathmaxx=\dimen193
\pgf@pathminy=\dimen194
\pgf@pathmaxy=\dimen195
\pgf@xx=\dimen196
\pgf@xy=\dimen197
\pgf@yx=\dimen198
\pgf@yy=\dimen199
\pgf@zx=\dimen256
\pgf@zy=\dimen257
) (c:/texlive/2024/texmf-dist/tex/generic/pgf/basiclayer/pgfcorepathconstruct.code.tex
File: pgfcorepathconstruct.code.tex 2023-01-15 v3.1.10 (3.1.10)
\pgf@path@lastx=\dimen258
\pgf@path@lasty=\dimen259
) (c:/texlive/2024/texmf-dist/tex/generic/pgf/basiclayer/pgfcorepathusage.code.tex
File: pgfcorepathusage.code.tex 2023-01-15 v3.1.10 (3.1.10)
\pgf@shorten@end@additional=\dimen260
\pgf@shorten@start@additional=\dimen261
) (c:/texlive/2024/texmf-dist/tex/generic/pgf/basiclayer/pgfcorescopes.code.tex
File: pgfcorescopes.code.tex 2023-01-15 v3.1.10 (3.1.10)
\pgfpic=\box63
\pgf@hbox=\box64
\pgf@layerbox@main=\box65
\pgf@picture@serial@count=\count302
) (c:/texlive/2024/texmf-dist/tex/generic/pgf/basiclayer/pgfcoregraphicstate.code.tex
File: pgfcoregraphicstate.code.tex 2023-01-15 v3.1.10 (3.1.10)
\pgflinewidth=\dimen262
) (c:/texlive/2024/texmf-dist/tex/generic/pgf/basiclayer/pgfcoretransformations.code.tex
File: pgfcoretransformations.code.tex 2023-01-15 v3.1.10 (3.1.10)
\pgf@pt@x=\dimen263
\pgf@pt@y=\dimen264
\pgf@pt@temp=\dimen265
) (c:/texlive/2024/texmf-dist/tex/generic/pgf/basiclayer/pgfcorequick.code.tex
File: pgfcorequick.code.tex 2023-01-15 v3.1.10 (3.1.10)
) (c:/texlive/2024/texmf-dist/tex/generic/pgf/basiclayer/pgfcoreobjects.code.tex
File: pgfcoreobjects.code.tex 2023-01-15 v3.1.10 (3.1.10)
) (c:/texlive/2024/texmf-dist/tex/generic/pgf/basiclayer/pgfcorepathprocessing.code.tex
File: pgfcorepathprocessing.code.tex 2023-01-15 v3.1.10 (3.1.10)
) (c:/texlive/2024/texmf-dist/tex/generic/pgf/basiclayer/pgfcorearrows.code.tex
File: pgfcorearrows.code.tex 2023-01-15 v3.1.10 (3.1.10)
\pgfarrowsep=\dimen266
) (c:/texlive/2024/texmf-dist/tex/generic/pgf/basiclayer/pgfcoreshade.code.tex
File: pgfcoreshade.code.tex 2023-01-15 v3.1.10 (3.1.10)
\pgf@max=\dimen267
\pgf@sys@shading@range@num=\count303
\pgf@shadingcount=\count304
) (c:/texlive/2024/texmf-dist/tex/generic/pgf/basiclayer/pgfcoreimage.code.tex
File: pgfcoreimage.code.tex 2023-01-15 v3.1.10 (3.1.10)
) (c:/texlive/2024/texmf-dist/tex/generic/pgf/basiclayer/pgfcoreexternal.code.tex
File: pgfcoreexternal.code.tex 2023-01-15 v3.1.10 (3.1.10)
\pgfexternal@startupbox=\box66
) (c:/texlive/2024/texmf-dist/tex/generic/pgf/basiclayer/pgfcorelayers.code.tex
File: pgfcorelayers.code.tex 2023-01-15 v3.1.10 (3.1.10)
) (c:/texlive/2024/texmf-dist/tex/generic/pgf/basiclayer/pgfcoretransparency.code.tex
File: pgfcoretransparency.code.tex 2023-01-15 v3.1.10 (3.1.10)
) (c:/texlive/2024/texmf-dist/tex/generic/pgf/basiclayer/pgfcorepatterns.code.tex
File: pgfcorepatterns.code.tex 2023-01-15 v3.1.10 (3.1.10)
) (c:/texlive/2024/texmf-dist/tex/generic/pgf/basiclayer/pgfcorerdf.code.tex
File: pgfcorerdf.code.tex 2023-01-15 v3.1.10 (3.1.10)
))) (c:/texlive/2024/texmf-dist/tex/latex/pgf/utilities/xxcolor.sty
Package: xxcolor 2003/10/24 ver 0.1
\XC@nummixins=\count305
\XC@countmixins=\count306
) (c:/texlive/2024/texmf-dist/tex/latex/base/atbegshi-ltx.sty
Package: atbegshi-ltx 2021/01/10 v1.0c Emulation of the original atbegshi
package with kernel methods
) (c:/texlive/2024/texmf-dist/tex/latex/hyperref/hyperref.sty
Package: hyperref 2024-07-10 v7.01j Hypertext links for LaTeX
 (c:/texlive/2024/texmf-dist/tex/latex/kvsetkeys/kvsetkeys.sty
Package: kvsetkeys 2022-10-05 v1.19 Key value parser (HO)
) (c:/texlive/2024/texmf-dist/tex/generic/kvdefinekeys/kvdefinekeys.sty
Package: kvdefinekeys 2019-12-19 v1.6 Define keys (HO)
) (c:/texlive/2024/texmf-dist/tex/generic/pdfescape/pdfescape.sty
Package: pdfescape 2019/12/09 v1.15 Implements pdfTeX's escape features (HO)
 (c:/texlive/2024/texmf-dist/tex/generic/ltxcmds/ltxcmds.sty
Package: ltxcmds 2023-12-04 v1.26 LaTeX kernel commands for general use (HO)
) (c:/texlive/2024/texmf-dist/tex/generic/pdftexcmds/pdftexcmds.sty
Package: pdftexcmds 2020-06-27 v0.33 Utility functions of pdfTeX for LuaTeX (HO)
 (c:/texlive/2024/texmf-dist/tex/generic/infwarerr/infwarerr.sty
Package: infwarerr 2019/12/03 v1.5 Providing info/warning/error messages (HO)
)
Package pdftexcmds Info: \pdf@primitive is available.
Package pdftexcmds Info: \pdf@ifprimitive is available.
Package pdftexcmds Info: \pdfdraftmode found.
)) (c:/texlive/2024/texmf-dist/tex/latex/hycolor/hycolor.sty
Package: hycolor 2020-01-27 v1.10 Color options for hyperref/bookmark (HO)
) (c:/texlive/2024/texmf-dist/tex/latex/hyperref/nameref.sty
Package: nameref 2023-11-26 v2.56 Cross-referencing by name of section
 (c:/texlive/2024/texmf-dist/tex/latex/refcount/refcount.sty
Package: refcount 2019/12/15 v3.6 Data extraction from label references (HO)
) (c:/texlive/2024/texmf-dist/tex/generic/gettitlestring/gettitlestring.sty
Package: gettitlestring 2019/12/15 v1.6 Cleanup title references (HO)
 (c:/texlive/2024/texmf-dist/tex/latex/kvoptions/kvoptions.sty
Package: kvoptions 2022-06-15 v3.15 Key value format for package options (HO)
))
\c@section@level=\count307
) (c:/texlive/2024/texmf-dist/tex/generic/stringenc/stringenc.sty
Package: stringenc 2019/11/29 v1.12 Convert strings between diff. encodings (HO)
)
\@linkdim=\dimen268
\Hy@linkcounter=\count308
\Hy@pagecounter=\count309
 (c:/texlive/2024/texmf-dist/tex/latex/hyperref/pd1enc.def
File: pd1enc.def 2024-07-10 v7.01j Hyperref: PDFDocEncoding definition (HO)
Now handling font encoding PD1 ...
... no UTF-8 mapping file for font encoding PD1
) (c:/texlive/2024/texmf-dist/tex/generic/intcalc/intcalc.sty
Package: intcalc 2019/12/15 v1.3 Expandable calculations with integers (HO)
)
\Hy@SavedSpaceFactor=\count310
 (c:/texlive/2024/texmf-dist/tex/latex/hyperref/puenc.def
File: puenc.def 2024-07-10 v7.01j Hyperref: PDF Unicode definition (HO)
Now handling font encoding PU ...
... no UTF-8 mapping file for font encoding PU
)
Package hyperref Info: Option `bookmarks' set `true' on input line 4040.
Package hyperref Info: Option `bookmarksopen' set `true' on input line 4040.
Package hyperref Info: Option `implicit' set `false' on input line 4040.
Package hyperref Info: Hyper figures OFF on input line 4157.
Package hyperref Info: Link nesting OFF on input line 4162.
Package hyperref Info: Hyper index ON on input line 4165.
Package hyperref Info: Plain pages OFF on input line 4172.
Package hyperref Info: Backreferencing OFF on input line 4177.
Package hyperref Info: Implicit mode OFF; no redefinition of LaTeX internals.
Package hyperref Info: Bookmarks ON on input line 4424.
\c@Hy@tempcnt=\count311
 (c:/texlive/2024/texmf-dist/tex/latex/url/url.sty
\Urlmuskip=\muskip17
Package: url 2013/09/16  ver 3.4  Verb mode for urls, etc.
)
LaTeX Info: Redefining \url on input line 4763.
\XeTeXLinkMargin=\dimen269
 (c:/texlive/2024/texmf-dist/tex/generic/bitset/bitset.sty
Package: bitset 2019/12/09 v1.3 Handle bit-vector datatype (HO)
 (c:/texlive/2024/texmf-dist/tex/generic/bigintcalc/bigintcalc.sty
Package: bigintcalc 2019/12/15 v1.5 Expandable calculations on big integers (HO)
))
\Fld@menulength=\count312
\Field@Width=\dimen270
\Fld@charsize=\dimen271
Package hyperref Info: Hyper figures OFF on input line 6042.
Package hyperref Info: Link nesting OFF on input line 6047.
Package hyperref Info: Hyper index ON on input line 6050.
Package hyperref Info: backreferencing OFF on input line 6057.
Package hyperref Info: Link coloring OFF on input line 6062.
Package hyperref Info: Link coloring with OCG OFF on input line 6067.
Package hyperref Info: PDF/A mode OFF on input line 6072.
\Hy@abspage=\count313


Package hyperref Message: Stopped early.

)
Package hyperref Info: Driver (autodetected): hpdftex.
 (c:/texlive/2024/texmf-dist/tex/latex/hyperref/hpdftex.def
File: hpdftex.def 2024-07-10 v7.01j Hyperref driver for pdfTeX
 (c:/texlive/2024/texmf-dist/tex/latex/base/atveryend-ltx.sty
Package: atveryend-ltx 2020/08/19 v1.0a Emulation of the original atveryend package
with kernel methods
)
\Fld@listcount=\count314
\c@bookmark@seq@number=\count315
 (c:/texlive/2024/texmf-dist/tex/latex/rerunfilecheck/rerunfilecheck.sty
Package: rerunfilecheck 2022-07-10 v1.10 Rerun checks for auxiliary files (HO)
 (c:/texlive/2024/texmf-dist/tex/generic/uniquecounter/uniquecounter.sty
Package: uniquecounter 2019/12/15 v1.4 Provide unlimited unique counter (HO)
)
Package uniquecounter Info: New unique counter `rerunfilecheck' on input line 285.
)) (c:/texlive/2024/texmf-dist/tex/latex/beamer/beamerbaserequires.sty (c:/texlive/2024/texmf-dist/tex/latex/beamer/beamerbasecompatibility.sty) (c:/texlive/2024/texmf-dist/tex/latex/beamer/beamerbasefont.sty (c:/texlive/2024/texmf-dist/tex/latex/amsfonts/amssymb.sty
Package: amssymb 2013/01/14 v3.01 AMS font symbols
 (c:/texlive/2024/texmf-dist/tex/latex/amsfonts/amsfonts.sty
Package: amsfonts 2013/01/14 v3.01 Basic AMSFonts support
\@emptytoks=\toks29
\symAMSa=\mathgroup4
\symAMSb=\mathgroup5
LaTeX Font Info:    Redeclaring math symbol \hbar on input line 98.
LaTeX Font Info:    Overwriting math alphabet `\mathfrak' in version `bold'
(Font)                  U/euf/m/n --> U/euf/b/n on input line 106.
)) (c:/texlive/2024/texmf-dist/tex/latex/sansmathaccent/sansmathaccent.sty
Package: sansmathaccent 2020/01/31
 (c:/texlive/2024/texmf-dist/tex/latex/koma-script/scrlfile.sty
Package: scrlfile 2023/07/07 v3.41 KOMA-Script package (file load hooks)
 (c:/texlive/2024/texmf-dist/tex/latex/koma-script/scrlfile-hook.sty
Package: scrlfile-hook 2023/07/07 v3.41 KOMA-Script package (using LaTeX hooks)
 (c:/texlive/2024/texmf-dist/tex/latex/koma-script/scrlogo.sty
Package: scrlogo 2023/07/07 v3.41 KOMA-Script package (logo)
))))) (c:/texlive/2024/texmf-dist/tex/latex/beamer/beamerbasetranslator.sty (c:/texlive/2024/texmf-dist/tex/latex/translator/translator.sty
Package: translator 2021-05-31 v1.12d Easy translation of strings in LaTeX
)) (c:/texlive/2024/texmf-dist/tex/latex/beamer/beamerbasemisc.sty) (c:/texlive/2024/texmf-dist/tex/latex/beamer/beamerbasetwoscreens.sty) (c:/texlive/2024/texmf-dist/tex/latex/beamer/beamerbaseoverlay.sty
\beamer@argscount=\count316
\beamer@lastskipcover=\skip52
\beamer@trivlistdepth=\count317
) (c:/texlive/2024/texmf-dist/tex/latex/beamer/beamerbasetitle.sty) (c:/texlive/2024/texmf-dist/tex/latex/beamer/beamerbasesection.sty
\c@lecture=\count318
\c@part=\count319
\c@section=\count320
\c@subsection=\count321
\c@subsubsection=\count322
) (c:/texlive/2024/texmf-dist/tex/latex/beamer/beamerbaseframe.sty
\beamer@framebox=\box67
\beamer@frametitlebox=\box68
\beamer@zoombox=\box69
\beamer@zoomcount=\count323
\beamer@zoomframecount=\count324
\beamer@frametextheight=\dimen272
\c@subsectionslide=\count325
\beamer@frametopskip=\skip53
\beamer@framebottomskip=\skip54
\beamer@frametopskipautobreak=\skip55
\beamer@framebottomskipautobreak=\skip56
\beamer@envbody=\toks30
\framewidth=\dimen273
\c@framenumber=\count326
) (c:/texlive/2024/texmf-dist/tex/latex/beamer/beamerbaseverbatim.sty
\beamer@verbatimfileout=\write4
) (c:/texlive/2024/texmf-dist/tex/latex/beamer/beamerbaseframesize.sty
\beamer@splitbox=\box70
\beamer@autobreakcount=\count327
\beamer@autobreaklastheight=\dimen274
\beamer@frametitletoks=\toks31
\beamer@framesubtitletoks=\toks32
) (c:/texlive/2024/texmf-dist/tex/latex/beamer/beamerbaseframecomponents.sty
\beamer@footins=\box71
) (c:/texlive/2024/texmf-dist/tex/latex/beamer/beamerbasecolor.sty) (c:/texlive/2024/texmf-dist/tex/latex/beamer/beamerbasenotes.sty
\beamer@frameboxcopy=\box72
) (c:/texlive/2024/texmf-dist/tex/latex/beamer/beamerbasetoc.sty) (c:/texlive/2024/texmf-dist/tex/latex/beamer/beamerbasetemplates.sty
\beamer@sbttoks=\toks33
 (c:/texlive/2024/texmf-dist/tex/latex/beamer/beamerbaseauxtemplates.sty (c:/texlive/2024/texmf-dist/tex/latex/beamer/beamerbaseboxes.sty
\bmb@box=\box73
\bmb@colorbox=\box74
\bmb@boxwidth=\dimen275
\bmb@boxheight=\dimen276
\bmb@prevheight=\dimen277
\bmb@temp=\dimen278
\bmb@dima=\dimen279
\bmb@dimb=\dimen280
\bmb@prevheight=\dimen281
)
\beamer@blockheadheight=\dimen282
)) (c:/texlive/2024/texmf-dist/tex/latex/beamer/beamerbaselocalstructure.sty (c:/texlive/2024/texmf-dist/tex/latex/tools/enumerate.sty
Package: enumerate 2023/07/04 v3.00 enumerate extensions (DPC)
\@enLab=\toks34
)
\beamer@bibiconwidth=\skip57
\c@figure=\count328
\c@table=\count329
\abovecaptionskip=\skip58
\belowcaptionskip=\skip59
) (c:/texlive/2024/texmf-dist/tex/latex/beamer/beamerbasenavigation.sty (c:/texlive/2024/texmf-dist/tex/latex/beamer/beamerbasenavigationsymbols.tex)
\beamer@section@min@dim=\dimen283
) (c:/texlive/2024/texmf-dist/tex/latex/beamer/beamerbasetheorems.sty (c:/texlive/2024/texmf-dist/tex/latex/amsmath/amsmath.sty
Package: amsmath 2024/05/23 v2.17q AMS math features
\@mathmargin=\skip60

For additional information on amsmath, use the `?' option.
(c:/texlive/2024/texmf-dist/tex/latex/amsmath/amstext.sty
Package: amstext 2021/08/26 v2.01 AMS text
 (c:/texlive/2024/texmf-dist/tex/latex/amsmath/amsgen.sty
File: amsgen.sty 1999/11/30 v2.0 generic functions
\@emptytoks=\toks35
\ex@=\dimen284
)) (c:/texlive/2024/texmf-dist/tex/latex/amsmath/amsbsy.sty
Package: amsbsy 1999/11/29 v1.2d Bold Symbols
\pmbraise@=\dimen285
) (c:/texlive/2024/texmf-dist/tex/latex/amsmath/amsopn.sty
Package: amsopn 2022/04/08 v2.04 operator names
)
\inf@bad=\count330
LaTeX Info: Redefining \frac on input line 233.
\uproot@=\count331
\leftroot@=\count332
LaTeX Info: Redefining \overline on input line 398.
LaTeX Info: Redefining \colon on input line 409.
\classnum@=\count333
\DOTSCASE@=\count334
LaTeX Info: Redefining \ldots on input line 495.
LaTeX Info: Redefining \dots on input line 498.
LaTeX Info: Redefining \cdots on input line 619.
\Mathstrutbox@=\box75
\strutbox@=\box76
LaTeX Info: Redefining \big on input line 721.
LaTeX Info: Redefining \Big on input line 722.
LaTeX Info: Redefining \bigg on input line 723.
LaTeX Info: Redefining \Bigg on input line 724.
\big@size=\dimen286
LaTeX Font Info:    Redeclaring font encoding OML on input line 742.
LaTeX Font Info:    Redeclaring font encoding OMS on input line 743.
\macc@depth=\count335
LaTeX Info: Redefining \bmod on input line 904.
LaTeX Info: Redefining \pmod on input line 909.
LaTeX Info: Redefining \smash on input line 939.
LaTeX Info: Redefining \relbar on input line 969.
LaTeX Info: Redefining \Relbar on input line 970.
\c@MaxMatrixCols=\count336
\dotsspace@=\muskip18
\c@parentequation=\count337
\dspbrk@lvl=\count338
\tag@help=\toks36
\row@=\count339
\column@=\count340
\maxfields@=\count341
\andhelp@=\toks37
\eqnshift@=\dimen287
\alignsep@=\dimen288
\tagshift@=\dimen289
\tagwidth@=\dimen290
\totwidth@=\dimen291
\lineht@=\dimen292
\@envbody=\toks38
\multlinegap=\skip61
\multlinetaggap=\skip62
\mathdisplay@stack=\toks39
LaTeX Info: Redefining \[ on input line 2953.
LaTeX Info: Redefining \] on input line 2954.
) (c:/texlive/2024/texmf-dist/tex/latex/amscls/amsthm.sty
Package: amsthm 2020/05/29 v2.20.6
\thm@style=\toks40
\thm@bodyfont=\toks41
\thm@headfont=\toks42
\thm@notefont=\toks43
\thm@headpunct=\toks44
\thm@preskip=\skip63
\thm@postskip=\skip64
\thm@headsep=\skip65
\dth@everypar=\toks45
)
\c@theorem=\count342
) (c:/texlive/2024/texmf-dist/tex/latex/beamer/beamerbasethemes.sty)) (c:/texlive/2024/texmf-dist/tex/latex/beamer/beamerthemedefault.sty (c:/texlive/2024/texmf-dist/tex/latex/beamer/beamerfontthemedefault.sty) (c:/texlive/2024/texmf-dist/tex/latex/beamer/beamercolorthemedefault.sty) (c:/texlive/2024/texmf-dist/tex/latex/beamer/beamerinnerthemedefault.sty
\beamer@dima=\dimen293
\beamer@dimb=\dimen294
) (c:/texlive/2024/texmf-dist/tex/latex/beamer/beamerouterthemedefault.sty))) (c:/texlive/2024/texmf-dist/tex/latex/base/inputenc.sty
Package: inputenc 2024/02/08 v1.3d Input encoding file
\inpenc@prehook=\toks46
\inpenc@posthook=\toks47
) (c:/texlive/2024/texmf-dist/tex/latex/base/textcomp.sty
Package: textcomp 2024/04/24 v2.1b Standard LaTeX package
) (c:/texlive/2024/texmf-dist/tex/latex/beamer/beamerthemeBoadilla.sty (c:/texlive/2024/texmf-dist/tex/latex/beamer/beamercolorthemerose.sty) (c:/texlive/2024/texmf-dist/tex/latex/beamer/beamerinnerthemerounded.sty) (c:/texlive/2024/texmf-dist/tex/latex/beamer/beamercolorthemedolphin.sty) (c:/texlive/2024/texmf-dist/tex/latex/beamer/beamerouterthemeinfolines.sty)) (c:/texlive/2024/texmf-dist/tex/latex/pgf/frontendlayer/tikz.sty (c:/texlive/2024/texmf-dist/tex/latex/pgf/basiclayer/pgf.sty
Package: pgf 2023-01-15 v3.1.10 (3.1.10)
 (c:/texlive/2024/texmf-dist/tex/generic/pgf/modules/pgfmoduleshapes.code.tex
File: pgfmoduleshapes.code.tex 2023-01-15 v3.1.10 (3.1.10)
\pgfnodeparttextbox=\box77
) (c:/texlive/2024/texmf-dist/tex/generic/pgf/modules/pgfmoduleplot.code.tex
File: pgfmoduleplot.code.tex 2023-01-15 v3.1.10 (3.1.10)
) (c:/texlive/2024/texmf-dist/tex/latex/pgf/compatibility/pgfcomp-version-0-65.sty
Package: pgfcomp-version-0-65 2023-01-15 v3.1.10 (3.1.10)
\pgf@nodesepstart=\dimen295
\pgf@nodesepend=\dimen296
) (c:/texlive/2024/texmf-dist/tex/latex/pgf/compatibility/pgfcomp-version-1-18.sty
Package: pgfcomp-version-1-18 2023-01-15 v3.1.10 (3.1.10)
)) (c:/texlive/2024/texmf-dist/tex/latex/pgf/utilities/pgffor.sty (c:/texlive/2024/texmf-dist/tex/generic/pgf/utilities/pgffor.code.tex
Package: pgffor 2023-01-15 v3.1.10 (3.1.10)
\pgffor@iter=\dimen297
\pgffor@skip=\dimen298
\pgffor@stack=\toks48
\pgffor@toks=\toks49
)) (c:/texlive/2024/texmf-dist/tex/generic/pgf/frontendlayer/tikz/tikz.code.tex
Package: tikz 2023-01-15 v3.1.10 (3.1.10)
 (c:/texlive/2024/texmf-dist/tex/generic/pgf/libraries/pgflibraryplothandlers.code.tex
File: pgflibraryplothandlers.code.tex 2023-01-15 v3.1.10 (3.1.10)
\pgf@plot@mark@count=\count343
\pgfplotmarksize=\dimen299
)
\tikz@lastx=\dimen300
\tikz@lasty=\dimen301
\tikz@lastxsaved=\dimen302
\tikz@lastysaved=\dimen303
\tikz@lastmovetox=\dimen304
\tikz@lastmovetoy=\dimen305
\tikzleveldistance=\dimen306
\tikzsiblingdistance=\dimen307
\tikz@figbox=\box78
\tikz@figbox@bg=\box79
\tikz@tempbox=\box80
\tikz@tempbox@bg=\box81
\tikztreelevel=\count344
\tikznumberofchildren=\count345
\tikznumberofcurrentchild=\count346
\tikz@fig@count=\count347
 (c:/texlive/2024/texmf-dist/tex/generic/pgf/modules/pgfmodulematrix.code.tex
File: pgfmodulematrix.code.tex 2023-01-15 v3.1.10 (3.1.10)
\pgfmatrixcurrentrow=\count348
\pgfmatrixcurrentcolumn=\count349
\pgf@matrix@numberofcolumns=\count350
)
\tikz@expandcount=\count351
 (c:/texlive/2024/texmf-dist/tex/generic/pgf/frontendlayer/tikz/libraries/tikzlibrarytopaths.code.tex
File: tikzlibrarytopaths.code.tex 2023-01-15 v3.1.10 (3.1.10)
))) (c:/texlive/2024/texmf-dist/tex/generic/pgf/frontendlayer/tikz/libraries/tikzlibrarydecorations.pathreplacing.code.tex (c:/texlive/2024/texmf-dist/tex/generic/pgf/frontendlayer/tikz/libraries/tikzlibrarydecorations.code.tex (c:/texlive/2024/texmf-dist/tex/generic/pgf/modules/pgfmoduledecorations.code.tex
\pgfdecoratedcompleteddistance=\dimen308
\pgfdecoratedremainingdistance=\dimen309
\pgfdecoratedinputsegmentcompleteddistance=\dimen310
\pgfdecoratedinputsegmentremainingdistance=\dimen311
\pgf@decorate@distancetomove=\dimen312
\pgf@decorate@repeatstate=\count352
\pgfdecorationsegmentamplitude=\dimen313
\pgfdecorationsegmentlength=\dimen314
)
\tikz@lib@dec@box=\box82
) (c:/texlive/2024/texmf-dist/tex/generic/pgf/libraries/decorations/pgflibrarydecorations.pathreplacing.code.tex)) (c:/texlive/2024/texmf-dist/tex/latex/booktabs/booktabs.sty
Package: booktabs 2020/01/12 v1.61803398 Publication quality tables
\heavyrulewidth=\dimen315
\lightrulewidth=\dimen316
\cmidrulewidth=\dimen317
\belowrulesep=\dimen318
\belowbottomsep=\dimen319
\aboverulesep=\dimen320
\abovetopsep=\dimen321
\cmidrulesep=\dimen322
\cmidrulekern=\dimen323
\defaultaddspace=\dimen324
\@cmidla=\count353
\@cmidlb=\count354
\@aboverulesep=\dimen325
\@belowrulesep=\dimen326
\@thisruleclass=\count355
\@lastruleclass=\count356
\@thisrulewidth=\dimen327
) (c:/texlive/2024/texmf-dist/tex/latex/beamer/beamerfontthemeserif.sty) (c:/texlive/2024/texmf-dist/tex/latex/l3backend/l3backend-pdftex.def
File: l3backend-pdftex.def 2024-05-08 L3 backend support: PDF output (pdfTeX)
\l__color_backend_stack_int=\count357
\l__pdf_internal_box=\box83
)
No file UmidadIV.aux.
\openout1 = `UmidadIV.aux'.

LaTeX Font Info:    Checking defaults for OML/cmm/m/it on input line 18.
LaTeX Font Info:    ... okay on input line 18.
LaTeX Font Info:    Checking defaults for OMS/cmsy/m/n on input line 18.
LaTeX Font Info:    ... okay on input line 18.
LaTeX Font Info:    Checking defaults for OT1/cmr/m/n on input line 18.
LaTeX Font Info:    ... okay on input line 18.
LaTeX Font Info:    Checking defaults for T1/cmr/m/n on input line 18.
LaTeX Font Info:    ... okay on input line 18.
LaTeX Font Info:    Checking defaults for TS1/cmr/m/n on input line 18.
LaTeX Font Info:    ... okay on input line 18.
LaTeX Font Info:    Checking defaults for OMX/cmex/m/n on input line 18.
LaTeX Font Info:    ... okay on input line 18.
LaTeX Font Info:    Checking defaults for U/cmr/m/n on input line 18.
LaTeX Font Info:    ... okay on input line 18.
LaTeX Font Info:    Checking defaults for PD1/pdf/m/n on input line 18.
LaTeX Font Info:    ... okay on input line 18.
LaTeX Font Info:    Checking defaults for PU/pdf/m/n on input line 18.
LaTeX Font Info:    ... okay on input line 18.
*geometry* driver: auto-detecting
*geometry* detected driver: pdftex
*geometry* verbose mode - [ preamble ] result:
* driver: pdftex
* paper: custom
* layout: <same size as paper>
* layoutoffset:(h,v)=(0.0pt,0.0pt)
* modes: includehead includefoot 
* h-part:(L,W,R)=(11.74988pt, 340.6956pt, 11.74988pt)
* v-part:(T,H,B)=(0.0pt, 273.14662pt, 0.0pt)
* \paperwidth=364.19536pt
* \paperheight=273.14662pt
* \textwidth=340.6956pt
* \textheight=244.6939pt
* \oddsidemargin=-60.52011pt
* \evensidemargin=-60.52011pt
* \topmargin=-72.26999pt
* \headheight=14.22636pt
* \headsep=0.0pt
* \topskip=12.0pt
* \footskip=14.22636pt
* \marginparwidth=4.0pt
* \marginparsep=10.0pt
* \columnsep=10.0pt
* \skip\footins=10.8pt plus 4.0pt minus 2.0pt
* \hoffset=0.0pt
* \voffset=0.0pt
* \mag=1000
* \@twocolumnfalse
* \@twosidefalse
* \@mparswitchfalse
* \@reversemarginfalse
* (1in=72.27pt=25.4mm, 1cm=28.453pt)

(c:/texlive/2024/texmf-dist/tex/context/base/mkii/supp-pdf.mkii
[Loading MPS to PDF converter (version 2006.09.02).]
\scratchcounter=\count358
\scratchdimen=\dimen328
\scratchbox=\box84
\nofMPsegments=\count359
\nofMParguments=\count360
\everyMPshowfont=\toks50
\MPscratchCnt=\count361
\MPscratchDim=\dimen329
\MPnumerator=\count362
\makeMPintoPDFobject=\count363
\everyMPtoPDFconversion=\toks51
) (c:/texlive/2024/texmf-dist/tex/latex/epstopdf-pkg/epstopdf-base.sty
Package: epstopdf-base 2020-01-24 v2.11 Base part for package epstopdf
Package epstopdf-base Info: Redefining graphics rule for `.eps' on input line 485.
 (c:/texlive/2024/texmf-dist/tex/latex/latexconfig/epstopdf-sys.cfg
File: epstopdf-sys.cfg 2010/07/13 v1.3 Configuration of (r)epstopdf for TeX Live
))
Package hyperref Info: Link coloring OFF on input line 18.
\@outlinefile=\write5
\openout5 = `UmidadIV.out'.

 (c:/texlive/2024/texmf-dist/tex/latex/translator/translator-basic-dictionary-English.dict
Dictionary: translator-basic-dictionary, Language: English 
) (c:/texlive/2024/texmf-dist/tex/latex/translator/translator-bibliography-dictionary-English.dict
Dictionary: translator-bibliography-dictionary, Language: English 
) (c:/texlive/2024/texmf-dist/tex/latex/translator/translator-environment-dictionary-English.dict
Dictionary: translator-environment-dictionary, Language: English 
) (c:/texlive/2024/texmf-dist/tex/latex/translator/translator-months-dictionary-English.dict
Dictionary: translator-months-dictionary, Language: English 
) (c:/texlive/2024/texmf-dist/tex/latex/translator/translator-numbers-dictionary-English.dict
Dictionary: translator-numbers-dictionary, Language: English 
) (c:/texlive/2024/texmf-dist/tex/latex/translator/translator-theorem-dictionary-English.dict
Dictionary: translator-theorem-dictionary, Language: English 
) (./UmidadIV.nav)
Overfull \hbox (40.09575pt too wide) in paragraph at lines 18--18
 [][][][]  
 []


Overfull \hbox (40.09575pt too wide) in paragraph at lines 20--20
 [][][][]  
 []




Overfull \hbox (40.09575pt too wide) has occurred while \output is active
 [][][][]  
 []

[1

{c:/texlive/2024/texmf-var/fonts/map/pdftex/updmap/pdftex.map}]
Overfull \hbox (40.09575pt too wide) in paragraph at lines 24--24
 [][][][]  
 []




Overfull \hbox (40.09575pt too wide) has occurred while \output is active
 [][][][]  
 []

[2

]
Overfull \hbox (40.09575pt too wide) in paragraph at lines 28--28
 [][][][]  
 []

No file UmidadIV.toc.



Overfull \hbox (40.09575pt too wide) has occurred while \output is active
 [][][][]  
 []

[3

]
Overfull \hbox (40.09575pt too wide) in paragraph at lines 40--40
 [][][][]  
 []

LaTeX Font Info:    Trying to load font information for U+msa on input line 40.
(c:/texlive/2024/texmf-dist/tex/latex/amsfonts/umsa.fd
File: umsa.fd 2013/01/14 v3.01 AMS symbols A
)
LaTeX Font Info:    Trying to load font information for U+msb on input line 40.
 (c:/texlive/2024/texmf-dist/tex/latex/amsfonts/umsb.fd
File: umsb.fd 2013/01/14 v3.01 AMS symbols B
)


Overfull \hbox (40.09575pt too wide) has occurred while \output is active
 [][][][]  
 []

[4

]
Overfull \hbox (40.09575pt too wide) in paragraph at lines 53--53
 [][][][]  
 []




Overfull \hbox (40.09575pt too wide) has occurred while \output is active
 [][][][]  
 []

[5

]


Overfull \hbox (40.09575pt too wide) has occurred while \output is active
 [][][][]  
 []

[6

]


Overfull \hbox (40.09575pt too wide) has occurred while \output is active
 [][][][]  
 []

[7

]


Overfull \hbox (40.09575pt too wide) has occurred while \output is active
 [][][][]  
 []

[8

]


Overfull \hbox (40.09575pt too wide) has occurred while \output is active
 [][][][]  
 []

[9

]


Overfull \hbox (40.09575pt too wide) has occurred while \output is active
 [][][][]  
 []

[10

]
Overfull \hbox (40.09575pt too wide) in paragraph at lines 62--62
 [][][][]  
 []


Overfull \vbox (0.77812pt too high) detected at line 62
 []




Overfull \hbox (40.09575pt too wide) has occurred while \output is active
 [][][][]  
 []

[11

]
Overfull \vbox (0.77812pt too high) detected at line 62
 []




Overfull \hbox (40.09575pt too wide) has occurred while \output is active
 [][][][]  
 []

[12

]
Overfull \vbox (0.77812pt too high) detected at line 62
 []




Overfull \hbox (40.09575pt too wide) has occurred while \output is active
 [][][][]  
 []

[13

]
Overfull \vbox (0.77812pt too high) detected at line 62
 []




Overfull \hbox (40.09575pt too wide) has occurred while \output is active
 [][][][]  
 []

[14

]
Overfull \hbox (40.09575pt too wide) in paragraph at lines 75--75
 [][][][]  
 []




Overfull \hbox (40.09575pt too wide) has occurred while \output is active
 [][][][]  
 []

[15

]


Overfull \hbox (40.09575pt too wide) has occurred while \output is active
 [][][][]  
 []

[16

]
Overfull \hbox (40.09575pt too wide) in paragraph at lines 88--88
 [][][][]  
 []




Overfull \hbox (40.09575pt too wide) has occurred while \output is active
 [][][][]  
 []

[17

]


Overfull \hbox (40.09575pt too wide) has occurred while \output is active
 [][][][]  
 []

[18

]
Overfull \hbox (40.09575pt too wide) in paragraph at lines 113--113
 [][][][]  
 []


Overfull \vbox (2.99301pt too high) detected at line 113
 []




Overfull \hbox (40.09575pt too wide) has occurred while \output is active
 [][][][]  
 []

[19

]
Overfull \hbox (40.09575pt too wide) in paragraph at lines 128--128
 [][][][]  
 []




Overfull \hbox (40.09575pt too wide) has occurred while \output is active
 [][][][]  
 []

[20

]
Overfull \hbox (40.09575pt too wide) in paragraph at lines 134--134
 [][][][]  
 []




Overfull \hbox (40.09575pt too wide) has occurred while \output is active
 [][][][]  
 []

[21

]
Overfull \hbox (40.09575pt too wide) in paragraph at lines 143--143
 [][][][]  
 []

Package epstopdf Info: Source file: <ejem1.eps>
(epstopdf)                    date: 2010-04-02 10:30:50
(epstopdf)                    size: 18921 bytes
(epstopdf)             Output file: <ejem1-eps-converted-to.pdf>
(epstopdf)                    date: 2025-03-09 11:00:28
(epstopdf)                    size: 5532 bytes
(epstopdf)             Command: <repstopdf --outfile=ejem1-eps-converted-to.pdf ejem1.eps>
(epstopdf)             \includegraphics on input line 143.
Package epstopdf Info: Output file is already uptodate.
<ejem1-eps-converted-to.pdf, id=670, 1348.03625pt x 739.76375pt>
File: ejem1-eps-converted-to.pdf Graphic file (type pdf)
<use ejem1-eps-converted-to.pdf>
Package pdftex.def Info: ejem1-eps-converted-to.pdf  used on input line 143.
(pdftex.def)             Requested size: 337.00824pt x 184.94048pt.



Overfull \hbox (40.09575pt too wide) has occurred while \output is active
 [][][][]  
 []

[22

 <./ejem1-eps-converted-to.pdf>]
Overfull \hbox (40.09575pt too wide) in paragraph at lines 151--151
 [][][][]  
 []




Overfull \hbox (40.09575pt too wide) has occurred while \output is active
 [][][][]  
 []

[23

]


Overfull \hbox (40.09575pt too wide) has occurred while \output is active
 [][][][]  
 []

[24

]


Overfull \hbox (40.09575pt too wide) has occurred while \output is active
 [][][][]  
 []

[25

]
Overfull \hbox (40.09575pt too wide) in paragraph at lines 162--162
 [][][][]  
 []




Overfull \hbox (40.09575pt too wide) has occurred while \output is active
 [][][][]  
 []

[26

]
Overfull \hbox (40.09575pt too wide) in paragraph at lines 174--174
 [][][][]  
 []




Overfull \hbox (40.09575pt too wide) has occurred while \output is active
 [][][][]  
 []

[27

]


Overfull \hbox (40.09575pt too wide) has occurred while \output is active
 [][][][]  
 []

[28

]


Overfull \hbox (40.09575pt too wide) has occurred while \output is active
 [][][][]  
 []

[29

]
Overfull \hbox (40.09575pt too wide) in paragraph at lines 187--187
 [][][][]  
 []




Overfull \hbox (40.09575pt too wide) has occurred while \output is active
 [][][][]  
 []

[30

]


Overfull \hbox (40.09575pt too wide) has occurred while \output is active
 [][][][]  
 []

[31

]
Overfull \hbox (40.09575pt too wide) in paragraph at lines 197--197
 [][][][]  
 []




Overfull \hbox (40.09575pt too wide) has occurred while \output is active
 [][][][]  
 []

[32

]


Overfull \hbox (40.09575pt too wide) has occurred while \output is active
 [][][][]  
 []

[33

]
Overfull \hbox (40.09575pt too wide) in paragraph at lines 206--206
 [][][][]  
 []

Package epstopdf Info: Source file: <ejem2.eps>
(epstopdf)                    date: 2010-04-02 10:27:30
(epstopdf)                    size: 19611 bytes
(epstopdf)             Output file: <ejem2-eps-converted-to.pdf>
(epstopdf)                    date: 2025-03-09 16:45:08
(epstopdf)                    size: 5554 bytes
(epstopdf)             Command: <repstopdf --outfile=ejem2-eps-converted-to.pdf ejem2.eps>
(epstopdf)             \includegraphics on input line 206.
Package epstopdf Info: Output file is already uptodate.
<ejem2-eps-converted-to.pdf, id=1012, 1348.03625pt x 739.76375pt>
File: ejem2-eps-converted-to.pdf Graphic file (type pdf)
<use ejem2-eps-converted-to.pdf>
Package pdftex.def Info: ejem2-eps-converted-to.pdf  used on input line 206.
(pdftex.def)             Requested size: 337.00824pt x 184.94048pt.



Overfull \hbox (40.09575pt too wide) has occurred while \output is active
 [][][][]  
 []

[34

 <./ejem2-eps-converted-to.pdf>]
Overfull \hbox (40.09575pt too wide) in paragraph at lines 217--217
 [][][][]  
 []




Overfull \hbox (40.09575pt too wide) has occurred while \output is active
 [][][][]  
 []

[35

]


Overfull \hbox (40.09575pt too wide) has occurred while \output is active
 [][][][]  
 []

[36

]
Overfull \hbox (40.09575pt too wide) in paragraph at lines 228--228
 [][][][]  
 []


Underfull \vbox (badness 10000) has occurred while \output is active []




Overfull \hbox (40.09575pt too wide) has occurred while \output is active
 [][][][]  
 []

[37

]


Overfull \hbox (40.09575pt too wide) has occurred while \output is active
 [][][][]  
 []

[38]


Overfull \hbox (40.09575pt too wide) has occurred while \output is active
 [][][][]  
 []

[39

]


Overfull \hbox (40.09575pt too wide) has occurred while \output is active
 [][][][]  
 []

[40

]


Overfull \hbox (40.09575pt too wide) has occurred while \output is active
 [][][][]  
 []

[41

]
Overfull \hbox (40.09575pt too wide) in paragraph at lines 240--240
 [][][][]  
 []




Overfull \hbox (40.09575pt too wide) has occurred while \output is active
 [][][][]  
 []

[42

]
Overfull \hbox (40.09575pt too wide) in paragraph at lines 252--252
 [][][][]  
 []




Overfull \hbox (40.09575pt too wide) has occurred while \output is active
 [][][][]  
 []

[43

]


Overfull \hbox (40.09575pt too wide) has occurred while \output is active
 [][][][]  
 []

[44

]
Overfull \hbox (40.09575pt too wide) in paragraph at lines 264--264
 [][][][]  
 []




Overfull \hbox (40.09575pt too wide) has occurred while \output is active
 [][][][]  
 []

[45

]


Overfull \hbox (40.09575pt too wide) has occurred while \output is active
 [][][][]  
 []

[46

]
Overfull \hbox (40.09575pt too wide) in paragraph at lines 276--276
 [][][][]  
 []




Overfull \hbox (40.09575pt too wide) has occurred while \output is active
 [][][][]  
 []

[47

]


Overfull \hbox (40.09575pt too wide) has occurred while \output is active
 [][][][]  
 []

[48

]
Overfull \hbox (40.09575pt too wide) in paragraph at lines 289--289
 [][][][]  
 []




Overfull \hbox (40.09575pt too wide) has occurred while \output is active
 [][][][]  
 []

[49

]


Overfull \hbox (40.09575pt too wide) has occurred while \output is active
 [][][][]  
 []

[50

]


Overfull \hbox (40.09575pt too wide) has occurred while \output is active
 [][][][]  
 []

[51

]
Overfull \hbox (40.09575pt too wide) in paragraph at lines 304--304
 [][][][]  
 []




Overfull \hbox (40.09575pt too wide) has occurred while \output is active
 [][][][]  
 []

[52

]
Overfull \hbox (40.09575pt too wide) in paragraph at lines 316--316
 [][][][]  
 []




Overfull \hbox (40.09575pt too wide) has occurred while \output is active
 [][][][]  
 []

[53

]


Overfull \hbox (40.09575pt too wide) has occurred while \output is active
 [][][][]  
 []

[54

]


Overfull \hbox (40.09575pt too wide) has occurred while \output is active
 [][][][]  
 []

[55

]


Overfull \hbox (40.09575pt too wide) has occurred while \output is active
 [][][][]  
 []

[56

]
Overfull \hbox (40.09575pt too wide) in paragraph at lines 334--334
 [][][][]  
 []




Overfull \hbox (40.09575pt too wide) has occurred while \output is active
 [][][][]  
 []

[57

]


Overfull \hbox (40.09575pt too wide) has occurred while \output is active
 [][][][]  
 []

[58

]
Overfull \hbox (40.09575pt too wide) in paragraph at lines 354--354
 [][][][]  
 []


Overfull \hbox (15.40019pt too wide) detected at line 354
\OT1/cmr/m/n/10.95 2\OML/cmm/m/it/10.95 G \OMS/cmsy/m/n/10.95 ^^@ \OML/cmm/m/it/10.95 G \OT1/cmr/m/n/10.95 = 2\OML/cmm/m/it/10.95 G [] \OT1/cmr/m/n/10.95 + \OML/cmm/m/it/10.95 c[]h \OT1/cmr/m/n/10.95 + \OML/cmm/m/it/10.95 c[][] \OT1/cmr/m/n/10.95 + \OML/cmm/m/it/10.95 c[][] \OT1/cmr/m/n/10.95 + [] \OMS/cmsy/m/n/10.95 ^^@ \OML/cmm/m/it/10.95 G\OT1/cmr/m/n/10.95 (\OML/cmm/m/it/10.95 h\OT1/cmr/m/n/10.95 ) \OMS/cmsy/m/n/10.95 ^^@ \OML/cmm/m/it/10.95 c[]h \OMS/cmsy/m/n/10.95 ^^@ \OML/cmm/m/it/10.95 c[]h[] \OMS/cmsy/m/n/10.95 ^^@ \OML/cmm/m/it/10.95 c[]h[] \OMS/cmsy/m/n/10.95 ^^@ [] 
 []


Overfull \hbox (4.964pt too wide) detected at line 354
\OML/cmm/m/it/12 G \OT1/cmr/m/n/12 = [] \OMS/cmsy/m/n/12 ^^@ \OML/cmm/m/it/12 c[][] \OMS/cmsy/m/n/12 ^^@ \OML/cmm/m/it/12 c[][] \OMS/cmsy/m/n/12 ^^@ \OML/cmm/m/it/12 c[][] \OMS/cmsy/m/n/12 ^^@ [] 
 []




Overfull \hbox (40.09575pt too wide) has occurred while \output is active
 [][][][]  
 []

[59

]
Overfull \hbox (15.40019pt too wide) detected at line 354
\OT1/cmr/m/n/10.95 2\OML/cmm/m/it/10.95 G \OMS/cmsy/m/n/10.95 ^^@ \OML/cmm/m/it/10.95 G \OT1/cmr/m/n/10.95 = 2\OML/cmm/m/it/10.95 G [] \OT1/cmr/m/n/10.95 + \OML/cmm/m/it/10.95 c[]h \OT1/cmr/m/n/10.95 + \OML/cmm/m/it/10.95 c[][] \OT1/cmr/m/n/10.95 + \OML/cmm/m/it/10.95 c[][] \OT1/cmr/m/n/10.95 + [] \OMS/cmsy/m/n/10.95 ^^@ \OML/cmm/m/it/10.95 G\OT1/cmr/m/n/10.95 (\OML/cmm/m/it/10.95 h\OT1/cmr/m/n/10.95 ) \OMS/cmsy/m/n/10.95 ^^@ \OML/cmm/m/it/10.95 c[]h \OMS/cmsy/m/n/10.95 ^^@ \OML/cmm/m/it/10.95 c[]h[] \OMS/cmsy/m/n/10.95 ^^@ \OML/cmm/m/it/10.95 c[]h[] \OMS/cmsy/m/n/10.95 ^^@ [] 
 []


Overfull \hbox (4.964pt too wide) detected at line 354
\OML/cmm/m/it/12 G \OT1/cmr/m/n/12 = [] \OMS/cmsy/m/n/12 ^^@ \OML/cmm/m/it/12 c[][] \OMS/cmsy/m/n/12 ^^@ \OML/cmm/m/it/12 c[][] \OMS/cmsy/m/n/12 ^^@ \OML/cmm/m/it/12 c[][] \OMS/cmsy/m/n/12 ^^@ [] 
 []




Overfull \hbox (40.09575pt too wide) has occurred while \output is active
 [][][][]  
 []

[60

]
Overfull \hbox (15.40019pt too wide) detected at line 354
\OT1/cmr/m/n/10.95 2\OML/cmm/m/it/10.95 G \OMS/cmsy/m/n/10.95 ^^@ \OML/cmm/m/it/10.95 G \OT1/cmr/m/n/10.95 = 2\OML/cmm/m/it/10.95 G [] \OT1/cmr/m/n/10.95 + \OML/cmm/m/it/10.95 c[]h \OT1/cmr/m/n/10.95 + \OML/cmm/m/it/10.95 c[][] \OT1/cmr/m/n/10.95 + \OML/cmm/m/it/10.95 c[][] \OT1/cmr/m/n/10.95 + [] \OMS/cmsy/m/n/10.95 ^^@ \OML/cmm/m/it/10.95 G\OT1/cmr/m/n/10.95 (\OML/cmm/m/it/10.95 h\OT1/cmr/m/n/10.95 ) \OMS/cmsy/m/n/10.95 ^^@ \OML/cmm/m/it/10.95 c[]h \OMS/cmsy/m/n/10.95 ^^@ \OML/cmm/m/it/10.95 c[]h[] \OMS/cmsy/m/n/10.95 ^^@ \OML/cmm/m/it/10.95 c[]h[] \OMS/cmsy/m/n/10.95 ^^@ [] 
 []


Overfull \hbox (4.964pt too wide) detected at line 354
\OML/cmm/m/it/12 G \OT1/cmr/m/n/12 = [] \OMS/cmsy/m/n/12 ^^@ \OML/cmm/m/it/12 c[][] \OMS/cmsy/m/n/12 ^^@ \OML/cmm/m/it/12 c[][] \OMS/cmsy/m/n/12 ^^@ \OML/cmm/m/it/12 c[][] \OMS/cmsy/m/n/12 ^^@ [] 
 []




Overfull \hbox (40.09575pt too wide) has occurred while \output is active
 [][][][]  
 []

[61

]
Overfull \hbox (40.09575pt too wide) in paragraph at lines 364--364
 [][][][]  
 []




Overfull \hbox (40.09575pt too wide) has occurred while \output is active
 [][][][]  
 []

[62

]
Overfull \hbox (40.09575pt too wide) in paragraph at lines 382--382
 [][][][]  
 []


Overfull \hbox (12.38187pt too wide) detected at line 382
\OT1/cmr/m/n/12 4\OML/cmm/m/it/12 G \OMS/cmsy/m/n/12 ^^@ \OML/cmm/m/it/12 G \OT1/cmr/m/n/12 = 4\OML/cmm/m/it/12 G[] [] \OMS/cmsy/m/n/12 ^^@ \OML/cmm/m/it/12 G[]\OT1/cmr/m/n/12 (\OML/cmm/m/it/12 h\OT1/cmr/m/n/12 ) \OMS/cmsy/m/n/12 ^^@ \OML/cmm/m/it/12 c[][] \OMS/cmsy/m/n/12 ^^@ \OML/cmm/m/it/12 c[][] \OMS/cmsy/m/n/12 ^^@ [] \OT1/cmr/m/n/12 + \OML/cmm/m/it/12 c[][] \OT1/cmr/m/n/12 + \OML/cmm/m/it/12 c[][] \OT1/cmr/m/n/12 + [] 
 []




Overfull \hbox (40.09575pt too wide) has occurred while \output is active
 [][][][]  
 []

[63

]
Overfull \hbox (12.38187pt too wide) detected at line 382
\OT1/cmr/m/n/12 4\OML/cmm/m/it/12 G \OMS/cmsy/m/n/12 ^^@ \OML/cmm/m/it/12 G \OT1/cmr/m/n/12 = 4\OML/cmm/m/it/12 G[] [] \OMS/cmsy/m/n/12 ^^@ \OML/cmm/m/it/12 G[]\OT1/cmr/m/n/12 (\OML/cmm/m/it/12 h\OT1/cmr/m/n/12 ) \OMS/cmsy/m/n/12 ^^@ \OML/cmm/m/it/12 c[][] \OMS/cmsy/m/n/12 ^^@ \OML/cmm/m/it/12 c[][] \OMS/cmsy/m/n/12 ^^@ [] \OT1/cmr/m/n/12 + \OML/cmm/m/it/12 c[][] \OT1/cmr/m/n/12 + \OML/cmm/m/it/12 c[][] \OT1/cmr/m/n/12 + [] 
 []




Overfull \hbox (40.09575pt too wide) has occurred while \output is active
 [][][][]  
 []

[64

]
Overfull \hbox (12.38187pt too wide) detected at line 382
\OT1/cmr/m/n/12 4\OML/cmm/m/it/12 G \OMS/cmsy/m/n/12 ^^@ \OML/cmm/m/it/12 G \OT1/cmr/m/n/12 = 4\OML/cmm/m/it/12 G[] [] \OMS/cmsy/m/n/12 ^^@ \OML/cmm/m/it/12 G[]\OT1/cmr/m/n/12 (\OML/cmm/m/it/12 h\OT1/cmr/m/n/12 ) \OMS/cmsy/m/n/12 ^^@ \OML/cmm/m/it/12 c[][] \OMS/cmsy/m/n/12 ^^@ \OML/cmm/m/it/12 c[][] \OMS/cmsy/m/n/12 ^^@ [] \OT1/cmr/m/n/12 + \OML/cmm/m/it/12 c[][] \OT1/cmr/m/n/12 + \OML/cmm/m/it/12 c[][] \OT1/cmr/m/n/12 + [] 
 []




Overfull \hbox (40.09575pt too wide) has occurred while \output is active
 [][][][]  
 []

[65

]
Overfull \hbox (40.09575pt too wide) in paragraph at lines 400--400
 [][][][]  
 []




Overfull \hbox (40.09575pt too wide) has occurred while \output is active
 [][][][]  
 []

[66

]


Overfull \hbox (40.09575pt too wide) has occurred while \output is active
 [][][][]  
 []

[67

]
Overfull \hbox (40.09575pt too wide) in paragraph at lines 417--417
 [][][][]  
 []




Overfull \hbox (40.09575pt too wide) has occurred while \output is active
 [][][][]  
 []

[68

]


Overfull \hbox (40.09575pt too wide) has occurred while \output is active
 [][][][]  
 []

[69

]


Overfull \hbox (40.09575pt too wide) has occurred while \output is active
 [][][][]  
 []

[70

]
Overfull \hbox (40.09575pt too wide) in paragraph at lines 435--435
 [][][][]  
 []




Overfull \hbox (40.09575pt too wide) has occurred while \output is active
 [][][][]  
 []

[71

]


Overfull \hbox (40.09575pt too wide) has occurred while \output is active
 [][][][]  
 []

[72

]
Overfull \hbox (40.09575pt too wide) in paragraph at lines 453--453
 [][][][]  
 []




Overfull \hbox (40.09575pt too wide) has occurred while \output is active
 [][][][]  
 []

[73

]


Overfull \hbox (40.09575pt too wide) has occurred while \output is active
 [][][][]  
 []

[74

]
Overfull \hbox (40.09575pt too wide) in paragraph at lines 472--472
 [][][][]  
 []




Overfull \hbox (40.09575pt too wide) has occurred while \output is active
 [][][][]  
 []

[75

]
Overfull \hbox (40.09575pt too wide) in paragraph at lines 475--475
 [][][][]  
 []




Overfull \hbox (40.09575pt too wide) has occurred while \output is active
 [][][][]  
 []

[76

]


Overfull \hbox (40.09575pt too wide) has occurred while \output is active
 [][][][]  
 []

[77

]
Overfull \hbox (40.09575pt too wide) in paragraph at lines 488--488
 [][][][]  
 []


Overfull \hbox (11.3634pt too wide) detected at line 500
\OML/cmm/m/it/12 f[]\OT1/cmr/m/n/12 (\OML/cmm/m/it/12 x\OT1/cmr/m/n/12 ) = [] \OMS/cmsy/m/n/12 ^^@ []
 []




Overfull \hbox (40.09575pt too wide) has occurred while \output is active
 [][][][]  
 []

[78

]
Overfull \hbox (40.09575pt too wide) in paragraph at lines 502--502
 [][][][]  
 []




Overfull \hbox (40.09575pt too wide) has occurred while \output is active
 [][][][]  
 []

[79

]


Overfull \hbox (40.09575pt too wide) has occurred while \output is active
 [][][][]  
 []

[80

]
Overfull \hbox (40.09575pt too wide) in paragraph at lines 514--514
 [][][][]  
 []




Overfull \hbox (40.09575pt too wide) has occurred while \output is active
 [][][][]  
 []

[81

]


Overfull \hbox (40.09575pt too wide) has occurred while \output is active
 [][][][]  
 []

[82

]


Overfull \hbox (40.09575pt too wide) has occurred while \output is active
 [][][][]  
 []

[83

]
Overfull \hbox (40.09575pt too wide) in paragraph at lines 533--533
 [][][][]  
 []




Overfull \hbox (40.09575pt too wide) has occurred while \output is active
 [][][][]  
 []

[84

]


Overfull \hbox (40.09575pt too wide) has occurred while \output is active
 [][][][]  
 []

[85

]
Overfull \hbox (40.09575pt too wide) in paragraph at lines 546--546
 [][][][]  
 []




Overfull \hbox (40.09575pt too wide) has occurred while \output is active
 [][][][]  
 []

[86

]
Overfull \hbox (40.09575pt too wide) in paragraph at lines 558--558
 [][][][]  
 []




Overfull \hbox (40.09575pt too wide) has occurred while \output is active
 [][][][]  
 []

[87

]


Overfull \hbox (40.09575pt too wide) has occurred while \output is active
 [][][][]  
 []

[88

]


Overfull \hbox (40.09575pt too wide) has occurred while \output is active
 [][][][]  
 []

[89

]
Overfull \hbox (40.09575pt too wide) in paragraph at lines 577--577
 [][][][]  
 []




Overfull \hbox (40.09575pt too wide) has occurred while \output is active
 [][][][]  
 []

[90

]


Overfull \hbox (40.09575pt too wide) has occurred while \output is active
 [][][][]  
 []

[91

]
Overfull \hbox (40.09575pt too wide) in paragraph at lines 592--592
 [][][][]  
 []


Overfull \vbox (9.614pt too high) detected at line 611
 []




Overfull \hbox (40.09575pt too wide) has occurred while \output is active
 [][][][]  
 []

[92

]
Overfull \vbox (9.614pt too high) detected at line 611
 []




Overfull \hbox (40.09575pt too wide) has occurred while \output is active
 [][][][]  
 []

[93

]
Overfull \hbox (40.09575pt too wide) in paragraph at lines 623--623
 [][][][]  
 []




Overfull \hbox (40.09575pt too wide) has occurred while \output is active
 [][][][]  
 []

[94

]


Overfull \hbox (40.09575pt too wide) has occurred while \output is active
 [][][][]  
 []

[95

]


Overfull \hbox (40.09575pt too wide) has occurred while \output is active
 [][][][]  
 []

[96

]
Overfull \hbox (40.09575pt too wide) in paragraph at lines 634--634
 [][][][]  
 []




Overfull \hbox (40.09575pt too wide) has occurred while \output is active
 [][][][]  
 []

[97

]


Overfull \hbox (40.09575pt too wide) has occurred while \output is active
 [][][][]  
 []

[98

]


Overfull \hbox (40.09575pt too wide) has occurred while \output is active
 [][][][]  
 []

[99

]
Overfull \hbox (40.09575pt too wide) in paragraph at lines 650--650
 [][][][]  
 []




Overfull \hbox (40.09575pt too wide) has occurred while \output is active
 [][][][]  
 []

[100

]


Overfull \hbox (40.09575pt too wide) has occurred while \output is active
 [][][][]  
 []

[101

]


Overfull \hbox (40.09575pt too wide) has occurred while \output is active
 [][][][]  
 []

[102

]
Overfull \hbox (40.09575pt too wide) in paragraph at lines 663--663
 [][][][]  
 []




Overfull \hbox (40.09575pt too wide) has occurred while \output is active
 [][][][]  
 []

[103

]
Overfull \hbox (40.09575pt too wide) in paragraph at lines 678--678
 [][][][]  
 []




Overfull \hbox (40.09575pt too wide) has occurred while \output is active
 [][][][]  
 []

[104

]


Overfull \hbox (40.09575pt too wide) has occurred while \output is active
 [][][][]  
 []

[105

]
Overfull \hbox (40.09575pt too wide) in paragraph at lines 692--692
 [][][][]  
 []

Package epstopdf Info: Source file: <trapz.eps>
(epstopdf)                    date: 2010-04-04 00:41:02
(epstopdf)                    size: 55579 bytes
(epstopdf)             Output file: <trapz-eps-converted-to.pdf>
(epstopdf)                    date: 2025-03-20 17:41:01
(epstopdf)                    size: 8537 bytes
(epstopdf)             Command: <repstopdf --outfile=trapz-eps-converted-to.pdf trapz.eps>
(epstopdf)             \includegraphics on input line 692.
Package epstopdf Info: Output file is already uptodate.
<trapz-eps-converted-to.pdf, id=2980, 557.08125pt x 557.08125pt>
File: trapz-eps-converted-to.pdf Graphic file (type pdf)
<use trapz-eps-converted-to.pdf>
Package pdftex.def Info: trapz-eps-converted-to.pdf  used on input line 692.
(pdftex.def)             Requested size: 139.26997pt x 139.26997pt.



Overfull \hbox (40.09575pt too wide) has occurred while \output is active
 [][][][]  
 []

[106

 <./trapz-eps-converted-to.pdf>]
Overfull \hbox (40.09575pt too wide) in paragraph at lines 706--706
 [][][][]  
 []




Overfull \hbox (40.09575pt too wide) has occurred while \output is active
 [][][][]  
 []

[107

]
Overfull \hbox (40.09575pt too wide) in paragraph at lines 715--715
 [][][][]  
 []




Overfull \hbox (40.09575pt too wide) has occurred while \output is active
 [][][][]  
 []

[108

]
Overfull \hbox (40.09575pt too wide) in paragraph at lines 732--732
 [][][][]  
 []


Overfull \hbox (3.8323pt too wide) detected at line 732
\OML/cmm/m/it/10.95 E \OT1/cmr/m/n/10.95 = [][] \OML/cmm/m/it/10.95 ^^O\OT1/cmr/m/n/10.95 (\OML/cmm/m/it/10.95 x\OT1/cmr/m/n/10.95 )\OML/cmm/m/it/10.95 dx \OT1/cmr/m/n/10.95 = [][] [](\OML/cmm/m/it/10.95 x \OMS/cmsy/m/n/10.95 ^^@ \OML/cmm/m/it/10.95 a\OT1/cmr/m/n/10.95 )(\OML/cmm/m/it/10.95 x \OMS/cmsy/m/n/10.95 ^^@ \OML/cmm/m/it/10.95 b\OT1/cmr/m/n/10.95 ) = [] [][](\OML/cmm/m/it/10.95 x \OMS/cmsy/m/n/10.95 ^^@ \OML/cmm/m/it/10.95 a\OT1/cmr/m/n/10.95 )(\OML/cmm/m/it/10.95 x \OMS/cmsy/m/n/10.95 ^^@ \OML/cmm/m/it/10.95 b\OT1/cmr/m/n/10.95 )\OML/cmm/m/it/10.95 dx
 []




Overfull \hbox (40.09575pt too wide) has occurred while \output is active
 [][][][]  
 []

[109

]
Overfull \hbox (3.8323pt too wide) detected at line 732
\OML/cmm/m/it/10.95 E \OT1/cmr/m/n/10.95 = [][] \OML/cmm/m/it/10.95 ^^O\OT1/cmr/m/n/10.95 (\OML/cmm/m/it/10.95 x\OT1/cmr/m/n/10.95 )\OML/cmm/m/it/10.95 dx \OT1/cmr/m/n/10.95 = [][] [](\OML/cmm/m/it/10.95 x \OMS/cmsy/m/n/10.95 ^^@ \OML/cmm/m/it/10.95 a\OT1/cmr/m/n/10.95 )(\OML/cmm/m/it/10.95 x \OMS/cmsy/m/n/10.95 ^^@ \OML/cmm/m/it/10.95 b\OT1/cmr/m/n/10.95 ) = [] [][](\OML/cmm/m/it/10.95 x \OMS/cmsy/m/n/10.95 ^^@ \OML/cmm/m/it/10.95 a\OT1/cmr/m/n/10.95 )(\OML/cmm/m/it/10.95 x \OMS/cmsy/m/n/10.95 ^^@ \OML/cmm/m/it/10.95 b\OT1/cmr/m/n/10.95 )\OML/cmm/m/it/10.95 dx
 []




Overfull \hbox (40.09575pt too wide) has occurred while \output is active
 [][][][]  
 []

[110

]
Overfull \hbox (3.8323pt too wide) detected at line 732
\OML/cmm/m/it/10.95 E \OT1/cmr/m/n/10.95 = [][] \OML/cmm/m/it/10.95 ^^O\OT1/cmr/m/n/10.95 (\OML/cmm/m/it/10.95 x\OT1/cmr/m/n/10.95 )\OML/cmm/m/it/10.95 dx \OT1/cmr/m/n/10.95 = [][] [](\OML/cmm/m/it/10.95 x \OMS/cmsy/m/n/10.95 ^^@ \OML/cmm/m/it/10.95 a\OT1/cmr/m/n/10.95 )(\OML/cmm/m/it/10.95 x \OMS/cmsy/m/n/10.95 ^^@ \OML/cmm/m/it/10.95 b\OT1/cmr/m/n/10.95 ) = [] [][](\OML/cmm/m/it/10.95 x \OMS/cmsy/m/n/10.95 ^^@ \OML/cmm/m/it/10.95 a\OT1/cmr/m/n/10.95 )(\OML/cmm/m/it/10.95 x \OMS/cmsy/m/n/10.95 ^^@ \OML/cmm/m/it/10.95 b\OT1/cmr/m/n/10.95 )\OML/cmm/m/it/10.95 dx
 []




Overfull \hbox (40.09575pt too wide) has occurred while \output is active
 [][][][]  
 []

[111

]
Overfull \hbox (3.8323pt too wide) detected at line 732
\OML/cmm/m/it/10.95 E \OT1/cmr/m/n/10.95 = [][] \OML/cmm/m/it/10.95 ^^O\OT1/cmr/m/n/10.95 (\OML/cmm/m/it/10.95 x\OT1/cmr/m/n/10.95 )\OML/cmm/m/it/10.95 dx \OT1/cmr/m/n/10.95 = [][] [](\OML/cmm/m/it/10.95 x \OMS/cmsy/m/n/10.95 ^^@ \OML/cmm/m/it/10.95 a\OT1/cmr/m/n/10.95 )(\OML/cmm/m/it/10.95 x \OMS/cmsy/m/n/10.95 ^^@ \OML/cmm/m/it/10.95 b\OT1/cmr/m/n/10.95 ) = [] [][](\OML/cmm/m/it/10.95 x \OMS/cmsy/m/n/10.95 ^^@ \OML/cmm/m/it/10.95 a\OT1/cmr/m/n/10.95 )(\OML/cmm/m/it/10.95 x \OMS/cmsy/m/n/10.95 ^^@ \OML/cmm/m/it/10.95 b\OT1/cmr/m/n/10.95 )\OML/cmm/m/it/10.95 dx
 []




Overfull \hbox (40.09575pt too wide) has occurred while \output is active
 [][][][]  
 []

[112

]
Overfull \hbox (40.09575pt too wide) in paragraph at lines 749--749
 [][][][]  
 []




Overfull \hbox (40.09575pt too wide) has occurred while \output is active
 [][][][]  
 []

[113

]


Overfull \hbox (40.09575pt too wide) has occurred while \output is active
 [][][][]  
 []

[114

]


Overfull \hbox (40.09575pt too wide) has occurred while \output is active
 [][][][]  
 []

[115

]
Overfull \hbox (40.09575pt too wide) in paragraph at lines 767--767
 [][][][]  
 []




Overfull \hbox (40.09575pt too wide) has occurred while \output is active
 [][][][]  
 []

[116

]


Overfull \hbox (40.09575pt too wide) has occurred while \output is active
 [][][][]  
 []

[117

]


Overfull \hbox (40.09575pt too wide) has occurred while \output is active
 [][][][]  
 []

[118

]
Overfull \hbox (40.09575pt too wide) in paragraph at lines 781--781
 [][][][]  
 []




Overfull \hbox (40.09575pt too wide) has occurred while \output is active
 [][][][]  
 []

[119

]


Overfull \hbox (40.09575pt too wide) has occurred while \output is active
 [][][][]  
 []

[120

]
Overfull \hbox (40.09575pt too wide) in paragraph at lines 800--800
 [][][][]  
 []


Overfull \hbox (2.89273pt too wide) detected at line 800
[][] \OML/cmm/m/it/10 f\OT1/cmr/m/n/10 (\OML/cmm/m/it/10 x\OT1/cmr/m/n/10 )\OML/cmm/m/it/10 dx \OT1/cmr/m/n/10 = 2\OML/cmm/m/it/10 hf\OT1/cmr/m/n/10 (\OML/cmm/m/it/10 x[]\OT1/cmr/m/n/10 ) + [] [] \OMS/cmsy/m/n/10 ^^@ [] []
 []




Overfull \hbox (40.09575pt too wide) has occurred while \output is active
 [][][][]  
 []

[121

]
Overfull \hbox (2.89273pt too wide) detected at line 800
[][] \OML/cmm/m/it/10 f\OT1/cmr/m/n/10 (\OML/cmm/m/it/10 x\OT1/cmr/m/n/10 )\OML/cmm/m/it/10 dx \OT1/cmr/m/n/10 = 2\OML/cmm/m/it/10 hf\OT1/cmr/m/n/10 (\OML/cmm/m/it/10 x[]\OT1/cmr/m/n/10 ) + [] [] \OMS/cmsy/m/n/10 ^^@ [] []
 []




Overfull \hbox (40.09575pt too wide) has occurred while \output is active
 [][][][]  
 []

[122

]
Overfull \hbox (2.89273pt too wide) detected at line 800
[][] \OML/cmm/m/it/10 f\OT1/cmr/m/n/10 (\OML/cmm/m/it/10 x\OT1/cmr/m/n/10 )\OML/cmm/m/it/10 dx \OT1/cmr/m/n/10 = 2\OML/cmm/m/it/10 hf\OT1/cmr/m/n/10 (\OML/cmm/m/it/10 x[]\OT1/cmr/m/n/10 ) + [] [] \OMS/cmsy/m/n/10 ^^@ [] []
 []




Overfull \hbox (40.09575pt too wide) has occurred while \output is active
 [][][][]  
 []

[123

]
Overfull \hbox (40.09575pt too wide) in paragraph at lines 813--813
 [][][][]  
 []




Overfull \hbox (40.09575pt too wide) has occurred while \output is active
 [][][][]  
 []

[124

]


Overfull \hbox (40.09575pt too wide) has occurred while \output is active
 [][][][]  
 []

[125

]
Overfull \hbox (40.09575pt too wide) in paragraph at lines 826--826
 [][][][]  
 []




Overfull \hbox (40.09575pt too wide) has occurred while \output is active
 [][][][]  
 []

[126

]
Overfull \hbox (40.09575pt too wide) in paragraph at lines 843--843
 [][][][]  
 []




Overfull \hbox (40.09575pt too wide) has occurred while \output is active
 [][][][]  
 []

[127

]
Overfull \hbox (40.09575pt too wide) in paragraph at lines 865--865
 [][][][]  
 []


Overfull \hbox (16.25052pt too wide) detected at line 865
[]
 []




Overfull \hbox (40.09575pt too wide) has occurred while \output is active
 [][][][]  
 []

[128

]
Overfull \hbox (16.25052pt too wide) detected at line 865
[]
 []




Overfull \hbox (40.09575pt too wide) has occurred while \output is active
 [][][][]  
 []

[129

]
Overfull \hbox (40.09575pt too wide) in paragraph at lines 883--883
 [][][][]  
 []




Overfull \hbox (40.09575pt too wide) has occurred while \output is active
 [][][][]  
 []

[130

]


Overfull \hbox (40.09575pt too wide) has occurred while \output is active
 [][][][]  
 []

[131

]


Overfull \hbox (40.09575pt too wide) has occurred while \output is active
 [][][][]  
 []

[132

]
Overfull \hbox (40.09575pt too wide) in paragraph at lines 895--895
 [][][][]  
 []




Overfull \hbox (40.09575pt too wide) has occurred while \output is active
 [][][][]  
 []

[133

]


Overfull \hbox (40.09575pt too wide) has occurred while \output is active
 [][][][]  
 []

[134

]


Overfull \hbox (40.09575pt too wide) has occurred while \output is active
 [][][][]  
 []

[135

]
Overfull \hbox (40.09575pt too wide) in paragraph at lines 909--909
 [][][][]  
 []




Overfull \hbox (40.09575pt too wide) has occurred while \output is active
 [][][][]  
 []

[136

]


Overfull \hbox (40.09575pt too wide) has occurred while \output is active
 [][][][]  
 []

[137

]


Overfull \hbox (40.09575pt too wide) has occurred while \output is active
 [][][][]  
 []

[138

]


Overfull \hbox (40.09575pt too wide) has occurred while \output is active
 [][][][]  
 []

[139

]


Overfull \hbox (40.09575pt too wide) has occurred while \output is active
 [][][][]  
 []

[140

]
Overfull \hbox (40.09575pt too wide) in paragraph at lines 917--917
 [][][][]  
 []




Overfull \hbox (40.09575pt too wide) has occurred while \output is active
 [][][][]  
 []

[141

]


Overfull \hbox (40.09575pt too wide) has occurred while \output is active
 [][][][]  
 []

[142

]
Overfull \hbox (40.09575pt too wide) in paragraph at lines 978--978
 [][][][]  
 []




Overfull \hbox (40.09575pt too wide) has occurred while \output is active
 [][][][]  
 []

[143

]
Overfull \hbox (40.09575pt too wide) in paragraph at lines 993--993
 [][][][]  
 []




Overfull \hbox (40.09575pt too wide) has occurred while \output is active
 [][][][]  
 []

[144

]


Overfull \hbox (40.09575pt too wide) has occurred while \output is active
 [][][][]  
 []

[145

]


Overfull \hbox (40.09575pt too wide) has occurred while \output is active
 [][][][]  
 []

[146

]
Overfull \hbox (40.09575pt too wide) in paragraph at lines 1008--1008
 [][][][]  
 []




Overfull \hbox (40.09575pt too wide) has occurred while \output is active
 [][][][]  
 []

[147

]


Overfull \hbox (40.09575pt too wide) has occurred while \output is active
 [][][][]  
 []

[148

]


Overfull \hbox (40.09575pt too wide) has occurred while \output is active
 [][][][]  
 []

[149

]
Overfull \hbox (40.09575pt too wide) in paragraph at lines 1018--1018
 [][][][]  
 []




Overfull \hbox (40.09575pt too wide) has occurred while \output is active
 [][][][]  
 []

[150

]


Overfull \hbox (40.09575pt too wide) has occurred while \output is active
 [][][][]  
 []

[151

]
Overfull \hbox (40.09575pt too wide) in paragraph at lines 1036--1036
 [][][][]  
 []


Overfull \hbox (9.16814pt too wide) detected at line 1036
\OT1/cmr/m/n/12 (\OML/cmm/m/it/12 x \OMS/cmsy/m/n/12 ^^@ \OML/cmm/m/it/12 x[]\OT1/cmr/m/n/12 )(\OML/cmm/m/it/12 x \OMS/cmsy/m/n/12 ^^@ \OML/cmm/m/it/12 x[]\OT1/cmr/m/n/12 )(\OML/cmm/m/it/12 x \OMS/cmsy/m/n/12 ^^@ \OML/cmm/m/it/12 x[]\OT1/cmr/m/n/12 ) [] (\OML/cmm/m/it/12 x \OMS/cmsy/m/n/12 ^^@ \OML/cmm/m/it/12 x[]\OT1/cmr/m/n/12 ) = (\OML/cmm/m/it/12 ht\OT1/cmr/m/n/12 )\OML/cmm/m/it/12 h\OT1/cmr/m/n/12 (\OML/cmm/m/it/12 t \OMS/cmsy/m/n/12 ^^@ \OT1/cmr/m/n/12 1)\OML/cmm/m/it/12 h\OT1/cmr/m/n/12 (\OML/cmm/m/it/12 t \OMS/cmsy/m/n/12 ^^@ \OT1/cmr/m/n/12 2) [] \OML/cmm/m/it/12 h\OT1/cmr/m/n/12 (\OML/cmm/m/it/12 t \OMS/cmsy/m/n/12 ^^@ \OML/cmm/m/it/12 n\OT1/cmr/m/n/12 )
 []




Overfull \hbox (40.09575pt too wide) has occurred while \output is active
 [][][][]  
 []

[152

]
Overfull \hbox (9.16814pt too wide) detected at line 1036
\OT1/cmr/m/n/12 (\OML/cmm/m/it/12 x \OMS/cmsy/m/n/12 ^^@ \OML/cmm/m/it/12 x[]\OT1/cmr/m/n/12 )(\OML/cmm/m/it/12 x \OMS/cmsy/m/n/12 ^^@ \OML/cmm/m/it/12 x[]\OT1/cmr/m/n/12 )(\OML/cmm/m/it/12 x \OMS/cmsy/m/n/12 ^^@ \OML/cmm/m/it/12 x[]\OT1/cmr/m/n/12 ) [] (\OML/cmm/m/it/12 x \OMS/cmsy/m/n/12 ^^@ \OML/cmm/m/it/12 x[]\OT1/cmr/m/n/12 ) = (\OML/cmm/m/it/12 ht\OT1/cmr/m/n/12 )\OML/cmm/m/it/12 h\OT1/cmr/m/n/12 (\OML/cmm/m/it/12 t \OMS/cmsy/m/n/12 ^^@ \OT1/cmr/m/n/12 1)\OML/cmm/m/it/12 h\OT1/cmr/m/n/12 (\OML/cmm/m/it/12 t \OMS/cmsy/m/n/12 ^^@ \OT1/cmr/m/n/12 2) [] \OML/cmm/m/it/12 h\OT1/cmr/m/n/12 (\OML/cmm/m/it/12 t \OMS/cmsy/m/n/12 ^^@ \OML/cmm/m/it/12 n\OT1/cmr/m/n/12 )
 []




Overfull \hbox (40.09575pt too wide) has occurred while \output is active
 [][][][]  
 []

[153

]
Overfull \hbox (9.16814pt too wide) detected at line 1036
\OT1/cmr/m/n/12 (\OML/cmm/m/it/12 x \OMS/cmsy/m/n/12 ^^@ \OML/cmm/m/it/12 x[]\OT1/cmr/m/n/12 )(\OML/cmm/m/it/12 x \OMS/cmsy/m/n/12 ^^@ \OML/cmm/m/it/12 x[]\OT1/cmr/m/n/12 )(\OML/cmm/m/it/12 x \OMS/cmsy/m/n/12 ^^@ \OML/cmm/m/it/12 x[]\OT1/cmr/m/n/12 ) [] (\OML/cmm/m/it/12 x \OMS/cmsy/m/n/12 ^^@ \OML/cmm/m/it/12 x[]\OT1/cmr/m/n/12 ) = (\OML/cmm/m/it/12 ht\OT1/cmr/m/n/12 )\OML/cmm/m/it/12 h\OT1/cmr/m/n/12 (\OML/cmm/m/it/12 t \OMS/cmsy/m/n/12 ^^@ \OT1/cmr/m/n/12 1)\OML/cmm/m/it/12 h\OT1/cmr/m/n/12 (\OML/cmm/m/it/12 t \OMS/cmsy/m/n/12 ^^@ \OT1/cmr/m/n/12 2) [] \OML/cmm/m/it/12 h\OT1/cmr/m/n/12 (\OML/cmm/m/it/12 t \OMS/cmsy/m/n/12 ^^@ \OML/cmm/m/it/12 n\OT1/cmr/m/n/12 )
 []




Overfull \hbox (40.09575pt too wide) has occurred while \output is active
 [][][][]  
 []

[154

]
Overfull \hbox (40.09575pt too wide) in paragraph at lines 1075--1075
 [][][][]  
 []




Overfull \hbox (40.09575pt too wide) has occurred while \output is active
 [][][][]  
 []

[155

]


Overfull \hbox (40.09575pt too wide) has occurred while \output is active
 [][][][]  
 []

[156

]
Overfull \hbox (40.09575pt too wide) in paragraph at lines 1087--1087
 [][][][]  
 []




Overfull \hbox (40.09575pt too wide) has occurred while \output is active
 [][][][]  
 []

[157

]


Overfull \hbox (40.09575pt too wide) has occurred while \output is active
 [][][][]  
 []

[158

]


Overfull \hbox (40.09575pt too wide) has occurred while \output is active
 [][][][]  
 []

[159

]


Overfull \hbox (40.09575pt too wide) has occurred while \output is active
 [][][][]  
 []

[160

]
Overfull \hbox (40.09575pt too wide) in paragraph at lines 1101--1101
 [][][][]  
 []


Overfull \hbox (3.86414pt too wide) detected at line 1101
[]
 []




Overfull \hbox (40.09575pt too wide) has occurred while \output is active
 [][][][]  
 []

[161

]
Overfull \hbox (40.09575pt too wide) in paragraph at lines 1118--1118
 [][][][]  
 []




Overfull \hbox (40.09575pt too wide) has occurred while \output is active
 [][][][]  
 []

[162

]
Overfull \hbox (40.09575pt too wide) in paragraph at lines 1130--1130
 [][][][]  
 []




Overfull \hbox (40.09575pt too wide) has occurred while \output is active
 [][][][]  
 []

[163

]


Overfull \hbox (40.09575pt too wide) has occurred while \output is active
 [][][][]  
 []

[164

]


Overfull \hbox (40.09575pt too wide) has occurred while \output is active
 [][][][]  
 []

[165

]


Overfull \hbox (40.09575pt too wide) has occurred while \output is active
 [][][][]  
 []

[166

]
Overfull \hbox (40.09575pt too wide) in paragraph at lines 1169--1169
 [][][][]  
 []




Overfull \hbox (40.09575pt too wide) has occurred while \output is active
 [][][][]  
 []

[167

]


Overfull \hbox (40.09575pt too wide) has occurred while \output is active
 [][][][]  
 []

[168

]


Overfull \hbox (40.09575pt too wide) has occurred while \output is active
 [][][][]  
 []

[169

]


Overfull \hbox (40.09575pt too wide) has occurred while \output is active
 [][][][]  
 []

[170

]
Overfull \hbox (40.09575pt too wide) in paragraph at lines 1180--1180
 [][][][]  
 []




Overfull \hbox (40.09575pt too wide) has occurred while \output is active
 [][][][]  
 []

[171

]
Overfull \hbox (40.09575pt too wide) in paragraph at lines 1210--1210
 [][][][]  
 []




Overfull \hbox (40.09575pt too wide) has occurred while \output is active
 [][][][]  
 []

[172

]


Overfull \hbox (40.09575pt too wide) has occurred while \output is active
 [][][][]  
 []

[173

]


Overfull \hbox (40.09575pt too wide) has occurred while \output is active
 [][][][]  
 []

[174

]
Overfull \hbox (40.09575pt too wide) in paragraph at lines 1226--1226
 [][][][]  
 []




Overfull \hbox (40.09575pt too wide) has occurred while \output is active
 [][][][]  
 []

[175

]


Overfull \hbox (40.09575pt too wide) has occurred while \output is active
 [][][][]  
 []

[176

]
Overfull \hbox (40.09575pt too wide) in paragraph at lines 1254--1254
 [][][][]  
 []




Overfull \hbox (40.09575pt too wide) has occurred while \output is active
 [][][][]  
 []

[177

]
Overfull \hbox (40.09575pt too wide) in paragraph at lines 1268--1268
 [][][][]  
 []




Overfull \hbox (40.09575pt too wide) has occurred while \output is active
 [][][][]  
 []

[178

]


Overfull \hbox (40.09575pt too wide) has occurred while \output is active
 [][][][]  
 []

[179

]
Overfull \hbox (40.09575pt too wide) in paragraph at lines 1283--1283
 [][][][]  
 []


Overfull \hbox (2.49382pt too wide) detected at line 1283
\OML/cmm/m/it/10.95 R\OT1/cmr/m/n/10.95 (\OML/cmm/m/it/10.95 f\OT1/cmr/m/n/10.95 ) = [] [][] \OML/cmm/m/it/10.95 hth\OT1/cmr/m/n/10.95 (\OML/cmm/m/it/10.95 t \OMS/cmsy/m/n/10.95 ^^@ \OT1/cmr/m/n/10.95 1)\OML/cmm/m/it/10.95 hdt \OT1/cmr/m/n/10.95 = []\OML/cmm/m/it/10.95 h[] [][] t\OT1/cmr/m/n/10.95 (\OML/cmm/m/it/10.95 t \OMS/cmsy/m/n/10.95 ^^@ \OT1/cmr/m/n/10.95 1)\OML/cmm/m/it/10.95 dt \OT1/cmr/m/n/10.95 = []
 []




Overfull \hbox (40.09575pt too wide) has occurred while \output is active
 [][][][]  
 []

[180

]
Overfull \hbox (40.09575pt too wide) in paragraph at lines 1314--1314
 [][][][]  
 []


Overfull \vbox (2.65651pt too high) detected at line 1314
 []




Overfull \hbox (40.09575pt too wide) has occurred while \output is active
 [][][][]  
 []

[181

]
Overfull \hbox (40.09575pt too wide) in paragraph at lines 1329--1329
 [][][][]  
 []




Overfull \hbox (40.09575pt too wide) has occurred while \output is active
 [][][][]  
 []

[182

]


Overfull \hbox (40.09575pt too wide) has occurred while \output is active
 [][][][]  
 []

[183

]


Overfull \hbox (40.09575pt too wide) has occurred while \output is active
 [][][][]  
 []

[184

]


Overfull \hbox (40.09575pt too wide) has occurred while \output is active
 [][][][]  
 []

[185

]
Overfull \hbox (40.09575pt too wide) in paragraph at lines 1362--1362
 [][][][]  
 []




Overfull \hbox (40.09575pt too wide) has occurred while \output is active
 [][][][]  
 []

[186

]


Overfull \hbox (40.09575pt too wide) has occurred while \output is active
 [][][][]  
 []

[187

]


Overfull \hbox (40.09575pt too wide) has occurred while \output is active
 [][][][]  
 []

[188

]


Overfull \hbox (40.09575pt too wide) has occurred while \output is active
 [][][][]  
 []

[189

]
Overfull \hbox (40.09575pt too wide) in paragraph at lines 1381--1381
 [][][][]  
 []




Overfull \hbox (40.09575pt too wide) has occurred while \output is active
 [][][][]  
 []

[190

]


Overfull \hbox (40.09575pt too wide) has occurred while \output is active
 [][][][]  
 []

[191

]


Overfull \hbox (40.09575pt too wide) has occurred while \output is active
 [][][][]  
 []

[192

]
Overfull \hbox (40.09575pt too wide) in paragraph at lines 1425--1425
 [][][][]  
 []




Overfull \hbox (40.09575pt too wide) has occurred while \output is active
 [][][][]  
 []

[193

]


Overfull \hbox (40.09575pt too wide) has occurred while \output is active
 [][][][]  
 []

[194

]
Overfull \hbox (40.09575pt too wide) in paragraph at lines 1444--1444
 [][][][]  
 []




Overfull \hbox (40.09575pt too wide) has occurred while \output is active
 [][][][]  
 []

[195

]
Overfull \hbox (40.09575pt too wide) in paragraph at lines 1457--1457
 [][][][]  
 []


Overfull \hbox (5.01938pt too wide) detected at line 1457
[][] \OML/cmm/m/it/12 f\OT1/cmr/m/n/12 (\OML/cmm/m/it/12 x\OT1/cmr/m/n/12 )\OML/cmm/m/it/12 dx \OT1/cmr/m/n/12 = [] [] \OMS/cmsy/m/n/12 ^^@ []\OML/cmm/m/it/12 f[]\OT1/cmr/m/n/12 (\OML/cmm/m/it/12 ^^X\OT1/cmr/m/n/12 )
 []




Overfull \hbox (40.09575pt too wide) has occurred while \output is active
 [][][][]  
 []

[196

]
Overfull \hbox (5.01938pt too wide) detected at line 1457
[][] \OML/cmm/m/it/12 f\OT1/cmr/m/n/12 (\OML/cmm/m/it/12 x\OT1/cmr/m/n/12 )\OML/cmm/m/it/12 dx \OT1/cmr/m/n/12 = [] [] \OMS/cmsy/m/n/12 ^^@ []\OML/cmm/m/it/12 f[]\OT1/cmr/m/n/12 (\OML/cmm/m/it/12 ^^X\OT1/cmr/m/n/12 )
 []




Overfull \hbox (40.09575pt too wide) has occurred while \output is active
 [][][][]  
 []

[197

])
Runaway argument?
\@kernel@before@enddocument \UseOneTimeHook {enddocument}\@kernel@after@enddocument \ETC.
! File ended while scanning use of \beamer@collect@@body.
<inserted text> 
                \par 
<*> ...SUARIO/Documents/repo/Materias/MNI/UmidadIV
                                                  
I suspect you have forgotten a `}', causing me
to read past where you wanted me to stop.
I'll try to recover; but if the error is serious,
you'd better type `E' or `X' now and fix your file.

! Emergency stop.
<*> ...SUARIO/Documents/repo/Materias/MNI/UmidadIV
                                                  
*** (job aborted, no legal \end found)

 
Here is how much of TeX's memory you used:
 26864 strings out of 473583
 535987 string characters out of 5732336
 1949908 words of memory out of 5000000
 48848 multiletter control sequences out of 15000+600000
 569947 words of font info for 83 fonts, out of 8000000 for 9000
 1141 hyphenation exceptions out of 8191
 128i,16n,123p,443b,905s stack positions out of 10000i,1000n,20000p,200000b,200000s
!  ==> Fatal error occurred, no output PDF file produced!
